{
  "C:\\Users\\runar\\Desktop\\project_2\\GoCart\\frontend\\src\\components\\ConfirmationModal.tsx": {
    "path": "C:\\Users\\runar\\Desktop\\project_2\\GoCart\\frontend\\src\\components\\ConfirmationModal.tsx",
    "all": false,
    "statementMap": {
      "0": { "start": { "line": 1, "column": 0 }, "end": { "line": 1, "column": 25 } },
      "1": { "start": { "line": 2, "column": 0 }, "end": { "line": 2, "column": 0 } },
      "2": { "start": { "line": 3, "column": 0 }, "end": { "line": 3, "column": 34 } },
      "3": { "start": { "line": 4, "column": 0 }, "end": { "line": 4, "column": 21 } },
      "4": { "start": { "line": 5, "column": 0 }, "end": { "line": 5, "column": 1 } },
      "5": { "start": { "line": 6, "column": 0 }, "end": { "line": 6, "column": 0 } },
      "6": { "start": { "line": 7, "column": 0 }, "end": { "line": 7, "column": 82 } },
      "7": { "start": { "line": 8, "column": 0 }, "end": { "line": 8, "column": 10 } },
      "8": { "start": { "line": 9, "column": 0 }, "end": { "line": 9, "column": 60 } },
      "9": { "start": { "line": 10, "column": 0 }, "end": { "line": 10, "column": 36 } },
      "10": { "start": { "line": 11, "column": 0 }, "end": { "line": 11, "column": 62 } },
      "11": { "start": { "line": 12, "column": 0 }, "end": { "line": 12, "column": 12 } },
      "12": { "start": { "line": 13, "column": 0 }, "end": { "line": 13, "column": 10 } },
      "13": { "start": { "line": 14, "column": 0 }, "end": { "line": 14, "column": 3 } },
      "14": { "start": { "line": 15, "column": 0 }, "end": { "line": 15, "column": 1 } },
      "15": { "start": { "line": 16, "column": 0 }, "end": { "line": 16, "column": 0 } },
      "16": { "start": { "line": 17, "column": 0 }, "end": { "line": 17, "column": 32 } }
    },
    "s": {
      "0": 1,
      "1": 1,
      "2": 1,
      "3": 1,
      "4": 1,
      "5": 1,
      "6": 1,
      "7": 1,
      "8": 1,
      "9": 1,
      "10": 1,
      "11": 1,
      "12": 1,
      "13": 1,
      "14": 1,
      "15": 1,
      "16": 1
    },
    "branchMap": {
      "0": {
        "type": "branch",
        "line": 7,
        "loc": { "start": { "line": 7, "column": 60 }, "end": { "line": 15, "column": 1 } },
        "locations": [{ "start": { "line": 7, "column": 60 }, "end": { "line": 15, "column": 1 } }]
      }
    },
    "b": { "0": [1] },
    "fnMap": {
      "0": {
        "name": "ConfirmationModal",
        "decl": { "start": { "line": 7, "column": 60 }, "end": { "line": 15, "column": 1 } },
        "loc": { "start": { "line": 7, "column": 60 }, "end": { "line": 15, "column": 1 } },
        "line": 7
      }
    },
    "f": { "0": 1 }
  },
  "C:\\Users\\runar\\Desktop\\project_2\\GoCart\\frontend\\src\\components\\FilterDropdown.tsx": {
    "path": "C:\\Users\\runar\\Desktop\\project_2\\GoCart\\frontend\\src\\components\\FilterDropdown.tsx",
    "all": false,
    "statementMap": {
      "0": { "start": { "line": 1, "column": 0 }, "end": { "line": 1, "column": 39 } },
      "1": { "start": { "line": 2, "column": 0 }, "end": { "line": 2, "column": 32 } },
      "2": { "start": { "line": 3, "column": 0 }, "end": { "line": 3, "column": 48 } },
      "3": { "start": { "line": 4, "column": 0 }, "end": { "line": 4, "column": 40 } },
      "4": { "start": { "line": 5, "column": 0 }, "end": { "line": 5, "column": 0 } },
      "5": { "start": { "line": 6, "column": 0 }, "end": { "line": 6, "column": 28 } },
      "6": { "start": { "line": 7, "column": 0 }, "end": { "line": 7, "column": 46 } },
      "7": { "start": { "line": 8, "column": 0 }, "end": { "line": 8, "column": 1 } },
      "8": { "start": { "line": 9, "column": 0 }, "end": { "line": 9, "column": 0 } },
      "9": { "start": { "line": 10, "column": 0 }, "end": { "line": 10, "column": 68 } },
      "10": { "start": { "line": 11, "column": 0 }, "end": { "line": 11, "column": 61 } },
      "11": { "start": { "line": 12, "column": 0 }, "end": { "line": 12, "column": 79 } },
      "12": { "start": { "line": 13, "column": 0 }, "end": { "line": 13, "column": 0 } },
      "13": { "start": { "line": 14, "column": 0 }, "end": { "line": 14, "column": 32 } },
      "14": { "start": { "line": 15, "column": 0 }, "end": { "line": 15, "column": 38 } },
      "15": { "start": { "line": 16, "column": 0 }, "end": { "line": 16, "column": 3 } },
      "16": { "start": { "line": 17, "column": 0 }, "end": { "line": 17, "column": 0 } },
      "17": { "start": { "line": 18, "column": 0 }, "end": { "line": 18, "column": 77 } },
      "18": { "start": { "line": 19, "column": 0 }, "end": { "line": 19, "column": 39 } },
      "19": { "start": { "line": 20, "column": 0 }, "end": { "line": 20, "column": 43 } },
      "20": { "start": { "line": 21, "column": 0 }, "end": { "line": 21, "column": 0 } },
      "21": { "start": { "line": 22, "column": 0 }, "end": { "line": 22, "column": 87 } },
      "22": { "start": { "line": 23, "column": 0 }, "end": { "line": 23, "column": 30 } },
      "23": { "start": { "line": 24, "column": 0 }, "end": { "line": 24, "column": 3 } },
      "24": { "start": { "line": 25, "column": 0 }, "end": { "line": 25, "column": 0 } },
      "25": { "start": { "line": 26, "column": 0 }, "end": { "line": 26, "column": 31 } },
      "26": { "start": { "line": 27, "column": 0 }, "end": { "line": 27, "column": 64 } },
      "27": { "start": { "line": 28, "column": 0 }, "end": { "line": 28, "column": 86 } },
      "28": { "start": { "line": 29, "column": 0 }, "end": { "line": 29, "column": 3 } },
      "29": { "start": { "line": 30, "column": 0 }, "end": { "line": 30, "column": 0 } },
      "30": { "start": { "line": 31, "column": 0 }, "end": { "line": 31, "column": 10 } },
      "31": { "start": { "line": 32, "column": 0 }, "end": { "line": 32, "column": 26 } },
      "32": { "start": { "line": 33, "column": 0 }, "end": { "line": 33, "column": 28 } },
      "33": { "start": { "line": 34, "column": 0 }, "end": { "line": 34, "column": 24 } },
      "34": { "start": { "line": 35, "column": 0 }, "end": { "line": 35, "column": 107 } },
      "35": { "start": { "line": 36, "column": 0 }, "end": { "line": 36, "column": 41 } },
      "36": { "start": { "line": 37, "column": 0 }, "end": { "line": 37, "column": 16 } },
      "37": { "start": { "line": 38, "column": 0 }, "end": { "line": 38, "column": 17 } },
      "38": { "start": { "line": 39, "column": 0 }, "end": { "line": 39, "column": 8 } },
      "39": { "start": { "line": 40, "column": 0 }, "end": { "line": 40, "column": 0 } },
      "40": { "start": { "line": 41, "column": 0 }, "end": { "line": 41, "column": 27 } },
      "41": { "start": { "line": 42, "column": 0 }, "end": { "line": 42, "column": 119 } },
      "42": { "start": { "line": 43, "column": 0 }, "end": { "line": 43, "column": 53 } },
      "43": { "start": { "line": 44, "column": 0 }, "end": { "line": 44, "column": 102 } },
      "44": { "start": { "line": 45, "column": 0 }, "end": { "line": 45, "column": 29 } },
      "45": { "start": { "line": 46, "column": 0 }, "end": { "line": 46, "column": 18 } },
      "46": { "start": { "line": 47, "column": 0 }, "end": { "line": 47, "column": 21 } },
      "47": { "start": { "line": 48, "column": 0 }, "end": { "line": 48, "column": 101 } },
      "48": { "start": { "line": 49, "column": 0 }, "end": { "line": 49, "column": 37 } },
      "49": { "start": { "line": 50, "column": 0 }, "end": { "line": 50, "column": 23 } },
      "50": { "start": { "line": 51, "column": 0 }, "end": { "line": 51, "column": 21 } },
      "51": { "start": { "line": 52, "column": 0 }, "end": { "line": 52, "column": 16 } },
      "52": { "start": { "line": 53, "column": 0 }, "end": { "line": 53, "column": 0 } },
      "53": { "start": { "line": 54, "column": 0 }, "end": { "line": 54, "column": 28 } },
      "54": { "start": { "line": 55, "column": 0 }, "end": { "line": 55, "column": 68 } },
      "55": { "start": { "line": 56, "column": 0 }, "end": { "line": 56, "column": 17 } },
      "56": { "start": { "line": 57, "column": 0 }, "end": { "line": 57, "column": 20 } },
      "57": { "start": { "line": 58, "column": 0 }, "end": { "line": 58, "column": 28 } },
      "58": { "start": { "line": 59, "column": 0 }, "end": { "line": 59, "column": 33 } },
      "59": { "start": { "line": 60, "column": 0 }, "end": { "line": 60, "column": 31 } },
      "60": { "start": { "line": 61, "column": 0 }, "end": { "line": 61, "column": 37 } },
      "61": { "start": { "line": 62, "column": 0 }, "end": { "line": 62, "column": 62 } },
      "62": { "start": { "line": 63, "column": 0 }, "end": { "line": 63, "column": 47 } },
      "63": { "start": { "line": 64, "column": 0 }, "end": { "line": 64, "column": 47 } },
      "64": { "start": { "line": 65, "column": 0 }, "end": { "line": 65, "column": 16 } },
      "65": { "start": { "line": 66, "column": 0 }, "end": { "line": 66, "column": 42 } },
      "66": { "start": { "line": 67, "column": 0 }, "end": { "line": 67, "column": 18 } },
      "67": { "start": { "line": 68, "column": 0 }, "end": { "line": 68, "column": 17 } },
      "68": { "start": { "line": 69, "column": 0 }, "end": { "line": 69, "column": 20 } },
      "69": { "start": { "line": 70, "column": 0 }, "end": { "line": 70, "column": 28 } },
      "70": { "start": { "line": 71, "column": 0 }, "end": { "line": 71, "column": 33 } },
      "71": { "start": { "line": 72, "column": 0 }, "end": { "line": 72, "column": 31 } },
      "72": { "start": { "line": 73, "column": 0 }, "end": { "line": 73, "column": 39 } },
      "73": { "start": { "line": 74, "column": 0 }, "end": { "line": 74, "column": 64 } },
      "74": { "start": { "line": 75, "column": 0 }, "end": { "line": 75, "column": 47 } },
      "75": { "start": { "line": 76, "column": 0 }, "end": { "line": 76, "column": 16 } },
      "76": { "start": { "line": 77, "column": 0 }, "end": { "line": 77, "column": 44 } },
      "77": { "start": { "line": 78, "column": 0 }, "end": { "line": 78, "column": 18 } },
      "78": { "start": { "line": 79, "column": 0 }, "end": { "line": 79, "column": 17 } },
      "79": { "start": { "line": 80, "column": 0 }, "end": { "line": 80, "column": 20 } },
      "80": { "start": { "line": 81, "column": 0 }, "end": { "line": 81, "column": 28 } },
      "81": { "start": { "line": 82, "column": 0 }, "end": { "line": 82, "column": 33 } },
      "82": { "start": { "line": 83, "column": 0 }, "end": { "line": 83, "column": 31 } },
      "83": { "start": { "line": 84, "column": 0 }, "end": { "line": 84, "column": 30 } },
      "84": { "start": { "line": 85, "column": 0 }, "end": { "line": 85, "column": 55 } },
      "85": { "start": { "line": 86, "column": 0 }, "end": { "line": 86, "column": 47 } },
      "86": { "start": { "line": 87, "column": 0 }, "end": { "line": 87, "column": 16 } },
      "87": { "start": { "line": 88, "column": 0 }, "end": { "line": 88, "column": 35 } },
      "88": { "start": { "line": 89, "column": 0 }, "end": { "line": 89, "column": 18 } },
      "89": { "start": { "line": 90, "column": 0 }, "end": { "line": 90, "column": 17 } },
      "90": { "start": { "line": 91, "column": 0 }, "end": { "line": 91, "column": 20 } },
      "91": { "start": { "line": 92, "column": 0 }, "end": { "line": 92, "column": 28 } },
      "92": { "start": { "line": 93, "column": 0 }, "end": { "line": 93, "column": 33 } },
      "93": { "start": { "line": 94, "column": 0 }, "end": { "line": 94, "column": 31 } },
      "94": { "start": { "line": 95, "column": 0 }, "end": { "line": 95, "column": 42 } },
      "95": { "start": { "line": 96, "column": 0 }, "end": { "line": 96, "column": 67 } },
      "96": { "start": { "line": 97, "column": 0 }, "end": { "line": 97, "column": 47 } },
      "97": { "start": { "line": 98, "column": 0 }, "end": { "line": 98, "column": 16 } },
      "98": { "start": { "line": 99, "column": 0 }, "end": { "line": 99, "column": 47 } },
      "99": { "start": { "line": 100, "column": 0 }, "end": { "line": 100, "column": 18 } },
      "100": { "start": { "line": 101, "column": 0 }, "end": { "line": 101, "column": 17 } },
      "101": { "start": { "line": 102, "column": 0 }, "end": { "line": 102, "column": 20 } },
      "102": { "start": { "line": 103, "column": 0 }, "end": { "line": 103, "column": 28 } },
      "103": { "start": { "line": 104, "column": 0 }, "end": { "line": 104, "column": 33 } },
      "104": { "start": { "line": 105, "column": 0 }, "end": { "line": 105, "column": 31 } },
      "105": { "start": { "line": 106, "column": 0 }, "end": { "line": 106, "column": 29 } },
      "106": { "start": { "line": 107, "column": 0 }, "end": { "line": 107, "column": 54 } },
      "107": { "start": { "line": 108, "column": 0 }, "end": { "line": 108, "column": 47 } },
      "108": { "start": { "line": 109, "column": 0 }, "end": { "line": 109, "column": 16 } },
      "109": { "start": { "line": 110, "column": 0 }, "end": { "line": 110, "column": 34 } },
      "110": { "start": { "line": 111, "column": 0 }, "end": { "line": 111, "column": 18 } },
      "111": { "start": { "line": 112, "column": 0 }, "end": { "line": 112, "column": 17 } },
      "112": { "start": { "line": 113, "column": 0 }, "end": { "line": 113, "column": 20 } },
      "113": { "start": { "line": 114, "column": 0 }, "end": { "line": 114, "column": 28 } },
      "114": { "start": { "line": 115, "column": 0 }, "end": { "line": 115, "column": 33 } },
      "115": { "start": { "line": 116, "column": 0 }, "end": { "line": 116, "column": 31 } },
      "116": { "start": { "line": 117, "column": 0 }, "end": { "line": 117, "column": 42 } },
      "117": { "start": { "line": 118, "column": 0 }, "end": { "line": 118, "column": 67 } },
      "118": { "start": { "line": 119, "column": 0 }, "end": { "line": 119, "column": 47 } },
      "119": { "start": { "line": 120, "column": 0 }, "end": { "line": 120, "column": 16 } },
      "120": { "start": { "line": 121, "column": 0 }, "end": { "line": 121, "column": 47 } },
      "121": { "start": { "line": 122, "column": 0 }, "end": { "line": 122, "column": 18 } },
      "122": { "start": { "line": 123, "column": 0 }, "end": { "line": 123, "column": 17 } },
      "123": { "start": { "line": 124, "column": 0 }, "end": { "line": 124, "column": 20 } },
      "124": { "start": { "line": 125, "column": 0 }, "end": { "line": 125, "column": 28 } },
      "125": { "start": { "line": 126, "column": 0 }, "end": { "line": 126, "column": 33 } },
      "126": { "start": { "line": 127, "column": 0 }, "end": { "line": 127, "column": 31 } },
      "127": { "start": { "line": 128, "column": 0 }, "end": { "line": 128, "column": 36 } },
      "128": { "start": { "line": 129, "column": 0 }, "end": { "line": 129, "column": 61 } },
      "129": { "start": { "line": 130, "column": 0 }, "end": { "line": 130, "column": 47 } },
      "130": { "start": { "line": 131, "column": 0 }, "end": { "line": 131, "column": 16 } },
      "131": { "start": { "line": 132, "column": 0 }, "end": { "line": 132, "column": 41 } },
      "132": { "start": { "line": 133, "column": 0 }, "end": { "line": 133, "column": 18 } },
      "133": { "start": { "line": 134, "column": 0 }, "end": { "line": 134, "column": 17 } },
      "134": { "start": { "line": 135, "column": 0 }, "end": { "line": 135, "column": 20 } },
      "135": { "start": { "line": 136, "column": 0 }, "end": { "line": 136, "column": 28 } },
      "136": { "start": { "line": 137, "column": 0 }, "end": { "line": 137, "column": 33 } },
      "137": { "start": { "line": 138, "column": 0 }, "end": { "line": 138, "column": 31 } },
      "138": { "start": { "line": 139, "column": 0 }, "end": { "line": 139, "column": 40 } },
      "139": { "start": { "line": 140, "column": 0 }, "end": { "line": 140, "column": 65 } },
      "140": { "start": { "line": 141, "column": 0 }, "end": { "line": 141, "column": 47 } },
      "141": { "start": { "line": 142, "column": 0 }, "end": { "line": 142, "column": 16 } },
      "142": { "start": { "line": 143, "column": 0 }, "end": { "line": 143, "column": 45 } },
      "143": { "start": { "line": 144, "column": 0 }, "end": { "line": 144, "column": 18 } },
      "144": { "start": { "line": 145, "column": 0 }, "end": { "line": 145, "column": 17 } },
      "145": { "start": { "line": 146, "column": 0 }, "end": { "line": 146, "column": 20 } },
      "146": { "start": { "line": 147, "column": 0 }, "end": { "line": 147, "column": 28 } },
      "147": { "start": { "line": 148, "column": 0 }, "end": { "line": 148, "column": 33 } },
      "148": { "start": { "line": 149, "column": 0 }, "end": { "line": 149, "column": 31 } },
      "149": { "start": { "line": 150, "column": 0 }, "end": { "line": 150, "column": 27 } },
      "150": { "start": { "line": 151, "column": 0 }, "end": { "line": 151, "column": 52 } },
      "151": { "start": { "line": 152, "column": 0 }, "end": { "line": 152, "column": 47 } },
      "152": { "start": { "line": 153, "column": 0 }, "end": { "line": 153, "column": 16 } },
      "153": { "start": { "line": 154, "column": 0 }, "end": { "line": 154, "column": 32 } },
      "154": { "start": { "line": 155, "column": 0 }, "end": { "line": 155, "column": 18 } },
      "155": { "start": { "line": 156, "column": 0 }, "end": { "line": 156, "column": 17 } },
      "156": { "start": { "line": 157, "column": 0 }, "end": { "line": 157, "column": 20 } },
      "157": { "start": { "line": 158, "column": 0 }, "end": { "line": 158, "column": 28 } },
      "158": { "start": { "line": 159, "column": 0 }, "end": { "line": 159, "column": 33 } },
      "159": { "start": { "line": 160, "column": 0 }, "end": { "line": 160, "column": 31 } },
      "160": { "start": { "line": 161, "column": 0 }, "end": { "line": 161, "column": 40 } },
      "161": { "start": { "line": 162, "column": 0 }, "end": { "line": 162, "column": 65 } },
      "162": { "start": { "line": 163, "column": 0 }, "end": { "line": 163, "column": 47 } },
      "163": { "start": { "line": 164, "column": 0 }, "end": { "line": 164, "column": 16 } },
      "164": { "start": { "line": 165, "column": 0 }, "end": { "line": 165, "column": 45 } },
      "165": { "start": { "line": 166, "column": 0 }, "end": { "line": 166, "column": 18 } },
      "166": { "start": { "line": 167, "column": 0 }, "end": { "line": 167, "column": 16 } },
      "167": { "start": { "line": 168, "column": 0 }, "end": { "line": 168, "column": 14 } },
      "168": { "start": { "line": 169, "column": 0 }, "end": { "line": 169, "column": 8 } },
      "169": { "start": { "line": 170, "column": 0 }, "end": { "line": 170, "column": 10 } },
      "170": { "start": { "line": 171, "column": 0 }, "end": { "line": 171, "column": 3 } },
      "171": { "start": { "line": 172, "column": 0 }, "end": { "line": 172, "column": 1 } },
      "172": { "start": { "line": 173, "column": 0 }, "end": { "line": 173, "column": 0 } },
      "173": { "start": { "line": 174, "column": 0 }, "end": { "line": 174, "column": 29 } }
    },
    "s": {
      "0": 1,
      "1": 1,
      "2": 1,
      "3": 1,
      "4": 1,
      "5": 1,
      "6": 1,
      "7": 1,
      "8": 1,
      "9": 7,
      "10": 7,
      "11": 7,
      "12": 7,
      "13": 7,
      "14": 2,
      "15": 2,
      "16": 7,
      "17": 7,
      "18": 0,
      "19": 0,
      "20": 0,
      "21": 0,
      "22": 0,
      "23": 0,
      "24": 7,
      "25": 7,
      "26": 2,
      "27": 2,
      "28": 2,
      "29": 7,
      "30": 7,
      "31": 7,
      "32": 7,
      "33": 3,
      "34": 3,
      "35": 3,
      "36": 3,
      "37": 3,
      "38": 7,
      "39": 7,
      "40": 7,
      "41": 4,
      "42": 4,
      "43": 4,
      "44": 4,
      "45": 4,
      "46": 4,
      "47": 4,
      "48": 4,
      "49": 4,
      "50": 4,
      "51": 4,
      "52": 4,
      "53": 4,
      "54": 4,
      "55": 4,
      "56": 4,
      "57": 4,
      "58": 4,
      "59": 4,
      "60": 4,
      "61": 4,
      "62": 4,
      "63": 4,
      "64": 4,
      "65": 4,
      "66": 4,
      "67": 4,
      "68": 4,
      "69": 4,
      "70": 4,
      "71": 4,
      "72": 4,
      "73": 4,
      "74": 4,
      "75": 4,
      "76": 4,
      "77": 4,
      "78": 4,
      "79": 4,
      "80": 4,
      "81": 4,
      "82": 4,
      "83": 4,
      "84": 4,
      "85": 4,
      "86": 4,
      "87": 4,
      "88": 4,
      "89": 4,
      "90": 4,
      "91": 4,
      "92": 4,
      "93": 4,
      "94": 4,
      "95": 4,
      "96": 4,
      "97": 4,
      "98": 4,
      "99": 4,
      "100": 4,
      "101": 4,
      "102": 4,
      "103": 4,
      "104": 4,
      "105": 4,
      "106": 4,
      "107": 4,
      "108": 4,
      "109": 4,
      "110": 4,
      "111": 4,
      "112": 4,
      "113": 4,
      "114": 4,
      "115": 4,
      "116": 4,
      "117": 4,
      "118": 4,
      "119": 4,
      "120": 4,
      "121": 4,
      "122": 4,
      "123": 4,
      "124": 4,
      "125": 4,
      "126": 4,
      "127": 4,
      "128": 4,
      "129": 4,
      "130": 4,
      "131": 4,
      "132": 4,
      "133": 4,
      "134": 4,
      "135": 4,
      "136": 4,
      "137": 4,
      "138": 4,
      "139": 4,
      "140": 4,
      "141": 4,
      "142": 4,
      "143": 4,
      "144": 4,
      "145": 4,
      "146": 4,
      "147": 4,
      "148": 4,
      "149": 4,
      "150": 4,
      "151": 4,
      "152": 4,
      "153": 4,
      "154": 4,
      "155": 4,
      "156": 4,
      "157": 4,
      "158": 4,
      "159": 4,
      "160": 4,
      "161": 4,
      "162": 4,
      "163": 4,
      "164": 4,
      "165": 4,
      "166": 4,
      "167": 4,
      "168": 7,
      "169": 7,
      "170": 7,
      "171": 7,
      "172": 1,
      "173": 1
    },
    "branchMap": {
      "0": {
        "type": "branch",
        "line": 10,
        "loc": { "start": { "line": 10, "column": 0 }, "end": { "line": 172, "column": 1 } },
        "locations": [{ "start": { "line": 10, "column": 0 }, "end": { "line": 172, "column": 1 } }]
      },
      "1": {
        "type": "branch",
        "line": 33,
        "loc": { "start": { "line": 33, "column": 8 }, "end": { "line": 38, "column": 17 } },
        "locations": [{ "start": { "line": 33, "column": 8 }, "end": { "line": 38, "column": 17 } }]
      },
      "2": {
        "type": "branch",
        "line": 41,
        "loc": { "start": { "line": 41, "column": 7 }, "end": { "line": 168, "column": 14 } },
        "locations": [{ "start": { "line": 41, "column": 7 }, "end": { "line": 168, "column": 14 } }]
      },
      "3": {
        "type": "branch",
        "line": 14,
        "loc": { "start": { "line": 14, "column": 2 }, "end": { "line": 16, "column": 3 } },
        "locations": [{ "start": { "line": 14, "column": 2 }, "end": { "line": 16, "column": 3 } }]
      },
      "4": {
        "type": "branch",
        "line": 26,
        "loc": { "start": { "line": 26, "column": 2 }, "end": { "line": 29, "column": 3 } },
        "locations": [{ "start": { "line": 26, "column": 2 }, "end": { "line": 29, "column": 3 } }]
      }
    },
    "b": { "0": [7], "1": [3], "2": [4], "3": [2], "4": [2] },
    "fnMap": {
      "0": {
        "name": "FilterDropdown",
        "decl": { "start": { "line": 10, "column": 0 }, "end": { "line": 172, "column": 1 } },
        "loc": { "start": { "line": 10, "column": 0 }, "end": { "line": 172, "column": 1 } },
        "line": 10
      },
      "1": {
        "name": "handleFilterClick",
        "decl": { "start": { "line": 14, "column": 2 }, "end": { "line": 16, "column": 3 } },
        "loc": { "start": { "line": 14, "column": 2 }, "end": { "line": 16, "column": 3 } },
        "line": 14
      },
      "2": {
        "name": "handleCategoryChange",
        "decl": { "start": { "line": 18, "column": 2 }, "end": { "line": 24, "column": 3 } },
        "loc": { "start": { "line": 18, "column": 2 }, "end": { "line": 24, "column": 3 } },
        "line": 18
      },
      "3": {
        "name": "handleResetClick",
        "decl": { "start": { "line": 26, "column": 2 }, "end": { "line": 29, "column": 3 } },
        "loc": { "start": { "line": 26, "column": 2 }, "end": { "line": 29, "column": 3 } },
        "line": 26
      }
    },
    "f": { "0": 7, "1": 2, "2": 0, "3": 2 }
  },
  "C:\\Users\\runar\\Desktop\\project_2\\GoCart\\frontend\\src\\components\\Modal.tsx": {
    "path": "C:\\Users\\runar\\Desktop\\project_2\\GoCart\\frontend\\src\\components\\Modal.tsx",
    "all": false,
    "statementMap": {
      "0": { "start": { "line": 1, "column": 0 }, "end": { "line": 1, "column": 22 } },
      "1": { "start": { "line": 2, "column": 0 }, "end": { "line": 2, "column": 14 } },
      "2": { "start": { "line": 3, "column": 0 }, "end": { "line": 3, "column": 1 } },
      "3": { "start": { "line": 4, "column": 0 }, "end": { "line": 4, "column": 0 } },
      "4": { "start": { "line": 5, "column": 0 }, "end": { "line": 5, "column": 38 } },
      "5": { "start": { "line": 6, "column": 0 }, "end": { "line": 6, "column": 10 } },
      "6": { "start": { "line": 7, "column": 0 }, "end": { "line": 7, "column": 55 } },
      "7": { "start": { "line": 8, "column": 0 }, "end": { "line": 8, "column": 36 } },
      "8": { "start": { "line": 9, "column": 0 }, "end": { "line": 9, "column": 21 } },
      "9": { "start": { "line": 10, "column": 0 }, "end": { "line": 10, "column": 12 } },
      "10": { "start": { "line": 11, "column": 0 }, "end": { "line": 11, "column": 10 } },
      "11": { "start": { "line": 12, "column": 0 }, "end": { "line": 12, "column": 3 } },
      "12": { "start": { "line": 13, "column": 0 }, "end": { "line": 13, "column": 1 } },
      "13": { "start": { "line": 14, "column": 0 }, "end": { "line": 14, "column": 0 } },
      "14": { "start": { "line": 15, "column": 0 }, "end": { "line": 15, "column": 20 } }
    },
    "s": {
      "0": 1,
      "1": 1,
      "2": 1,
      "3": 1,
      "4": 1,
      "5": 1,
      "6": 1,
      "7": 1,
      "8": 1,
      "9": 1,
      "10": 1,
      "11": 1,
      "12": 1,
      "13": 1,
      "14": 1
    },
    "branchMap": {
      "0": {
        "type": "branch",
        "line": 5,
        "loc": { "start": { "line": 5, "column": 0 }, "end": { "line": 13, "column": 1 } },
        "locations": [{ "start": { "line": 5, "column": 0 }, "end": { "line": 13, "column": 1 } }]
      }
    },
    "b": { "0": [1] },
    "fnMap": {
      "0": {
        "name": "Modal",
        "decl": { "start": { "line": 5, "column": 0 }, "end": { "line": 13, "column": 1 } },
        "loc": { "start": { "line": 5, "column": 0 }, "end": { "line": 13, "column": 1 } },
        "line": 5
      }
    },
    "f": { "0": 1 }
  },
  "C:\\Users\\runar\\Desktop\\project_2\\GoCart\\frontend\\src\\components\\ModeToggleBtn.tsx": {
    "path": "C:\\Users\\runar\\Desktop\\project_2\\GoCart\\frontend\\src\\components\\ModeToggleBtn.tsx",
    "all": false,
    "statementMap": {
      "0": { "start": { "line": 1, "column": 0 }, "end": { "line": 1, "column": 27 } },
      "1": { "start": { "line": 2, "column": 0 }, "end": { "line": 2, "column": 40 } },
      "2": { "start": { "line": 3, "column": 0 }, "end": { "line": 3, "column": 32 } },
      "3": { "start": { "line": 4, "column": 0 }, "end": { "line": 4, "column": 0 } },
      "4": { "start": { "line": 5, "column": 0 }, "end": { "line": 5, "column": 26 } },
      "5": { "start": { "line": 6, "column": 0 }, "end": { "line": 6, "column": 77 } },
      "6": { "start": { "line": 7, "column": 0 }, "end": { "line": 7, "column": 0 } },
      "7": { "start": { "line": 8, "column": 0 }, "end": { "line": 8, "column": 43 } },
      "8": { "start": { "line": 9, "column": 0 }, "end": { "line": 9, "column": 112 } },
      "9": { "start": { "line": 10, "column": 0 }, "end": { "line": 10, "column": 50 } },
      "10": { "start": { "line": 11, "column": 0 }, "end": { "line": 11, "column": 10 } },
      "11": { "start": { "line": 12, "column": 0 }, "end": { "line": 12, "column": 53 } },
      "12": { "start": { "line": 13, "column": 0 }, "end": { "line": 13, "column": 3 } },
      "13": { "start": { "line": 14, "column": 0 }, "end": { "line": 14, "column": 0 } },
      "14": { "start": { "line": 15, "column": 0 }, "end": { "line": 15, "column": 27 } },
      "15": { "start": { "line": 16, "column": 0 }, "end": { "line": 16, "column": 26 } },
      "16": { "start": { "line": 17, "column": 0 }, "end": { "line": 17, "column": 21 } },
      "17": { "start": { "line": 18, "column": 0 }, "end": { "line": 18, "column": 34 } },
      "18": { "start": { "line": 19, "column": 0 }, "end": { "line": 19, "column": 55 } },
      "19": { "start": { "line": 20, "column": 0 }, "end": { "line": 20, "column": 26 } },
      "20": { "start": { "line": 21, "column": 0 }, "end": { "line": 21, "column": 12 } },
      "21": { "start": { "line": 22, "column": 0 }, "end": { "line": 22, "column": 33 } },
      "22": { "start": { "line": 23, "column": 0 }, "end": { "line": 23, "column": 52 } },
      "23": { "start": { "line": 24, "column": 0 }, "end": { "line": 24, "column": 25 } },
      "24": { "start": { "line": 25, "column": 0 }, "end": { "line": 25, "column": 5 } },
      "25": { "start": { "line": 26, "column": 0 }, "end": { "line": 26, "column": 3 } },
      "26": { "start": { "line": 27, "column": 0 }, "end": { "line": 27, "column": 0 } },
      "27": { "start": { "line": 28, "column": 0 }, "end": { "line": 28, "column": 10 } },
      "28": { "start": { "line": 29, "column": 0 }, "end": { "line": 29, "column": 70 } },
      "29": { "start": { "line": 30, "column": 0 }, "end": { "line": 30, "column": 117 } },
      "30": { "start": { "line": 31, "column": 0 }, "end": { "line": 31, "column": 13 } },
      "31": { "start": { "line": 32, "column": 0 }, "end": { "line": 32, "column": 3 } },
      "32": { "start": { "line": 33, "column": 0 }, "end": { "line": 33, "column": 1 } },
      "33": { "start": { "line": 34, "column": 0 }, "end": { "line": 34, "column": 0 } },
      "34": { "start": { "line": 35, "column": 0 }, "end": { "line": 35, "column": 28 } }
    },
    "s": {
      "0": 1,
      "1": 1,
      "2": 1,
      "3": 1,
      "4": 12,
      "5": 12,
      "6": 12,
      "7": 12,
      "8": 12,
      "9": 7,
      "10": 12,
      "11": 5,
      "12": 5,
      "13": 12,
      "14": 12,
      "15": 12,
      "16": 4,
      "17": 2,
      "18": 2,
      "19": 2,
      "20": 2,
      "21": 2,
      "22": 2,
      "23": 2,
      "24": 2,
      "25": 4,
      "26": 12,
      "27": 12,
      "28": 12,
      "29": 12,
      "30": 12,
      "31": 12,
      "32": 12,
      "33": 1,
      "34": 1
    },
    "branchMap": {
      "0": {
        "type": "branch",
        "line": 5,
        "loc": { "start": { "line": 5, "column": 0 }, "end": { "line": 33, "column": 1 } },
        "locations": [{ "start": { "line": 5, "column": 0 }, "end": { "line": 33, "column": 1 } }]
      },
      "1": {
        "type": "branch",
        "line": 9,
        "loc": { "start": { "line": 9, "column": 6 }, "end": { "line": 9, "column": 111 } },
        "locations": [{ "start": { "line": 9, "column": 6 }, "end": { "line": 9, "column": 111 } }]
      },
      "2": {
        "type": "branch",
        "line": 9,
        "loc": { "start": { "line": 9, "column": 34 }, "end": { "line": 9, "column": 111 } },
        "locations": [{ "start": { "line": 9, "column": 34 }, "end": { "line": 9, "column": 111 } }]
      },
      "3": {
        "type": "branch",
        "line": 9,
        "loc": { "start": { "line": 9, "column": 111 }, "end": { "line": 11, "column": 9 } },
        "locations": [{ "start": { "line": 9, "column": 111 }, "end": { "line": 11, "column": 9 } }]
      },
      "4": {
        "type": "branch",
        "line": 11,
        "loc": { "start": { "line": 11, "column": 2 }, "end": { "line": 13, "column": 3 } },
        "locations": [{ "start": { "line": 11, "column": 2 }, "end": { "line": 13, "column": 3 } }]
      },
      "5": {
        "type": "branch",
        "line": 30,
        "loc": { "start": { "line": 30, "column": 7 }, "end": { "line": 30, "column": 69 } },
        "locations": [{ "start": { "line": 30, "column": 7 }, "end": { "line": 30, "column": 69 } }]
      },
      "6": {
        "type": "branch",
        "line": 30,
        "loc": { "start": { "line": 30, "column": 64 }, "end": { "line": 30, "column": 117 } },
        "locations": [{ "start": { "line": 30, "column": 64 }, "end": { "line": 30, "column": 117 } }]
      },
      "7": {
        "type": "branch",
        "line": 16,
        "loc": { "start": { "line": 16, "column": 2 }, "end": { "line": 26, "column": 3 } },
        "locations": [{ "start": { "line": 16, "column": 2 }, "end": { "line": 26, "column": 3 } }]
      },
      "8": {
        "type": "branch",
        "line": 17,
        "loc": { "start": { "line": 17, "column": 20 }, "end": { "line": 25, "column": 5 } },
        "locations": [{ "start": { "line": 17, "column": 20 }, "end": { "line": 25, "column": 5 } }]
      }
    },
    "b": { "0": [12], "1": [9], "2": [7], "3": [7], "4": [5], "5": [3], "6": [9], "7": [4], "8": [2] },
    "fnMap": {
      "0": {
        "name": "ModeToggleBtn",
        "decl": { "start": { "line": 5, "column": 0 }, "end": { "line": 33, "column": 1 } },
        "loc": { "start": { "line": 5, "column": 0 }, "end": { "line": 33, "column": 1 } },
        "line": 5
      },
      "1": {
        "name": "toggleTheme",
        "decl": { "start": { "line": 16, "column": 2 }, "end": { "line": 26, "column": 3 } },
        "loc": { "start": { "line": 16, "column": 2 }, "end": { "line": 26, "column": 3 } },
        "line": 16
      }
    },
    "f": { "0": 12, "1": 4 }
  },
  "C:\\Users\\runar\\Desktop\\project_2\\GoCart\\frontend\\src\\components\\Navbar.tsx": {
    "path": "C:\\Users\\runar\\Desktop\\project_2\\GoCart\\frontend\\src\\components\\Navbar.tsx",
    "all": false,
    "statementMap": {
      "0": { "start": { "line": 1, "column": 0 }, "end": { "line": 1, "column": 45 } },
      "1": { "start": { "line": 2, "column": 0 }, "end": { "line": 2, "column": 0 } },
      "2": { "start": { "line": 3, "column": 0 }, "end": { "line": 3, "column": 31 } },
      "3": { "start": { "line": 4, "column": 0 }, "end": { "line": 4, "column": 106 } },
      "4": { "start": { "line": 5, "column": 0 }, "end": { "line": 5, "column": 0 } },
      "5": { "start": { "line": 6, "column": 0 }, "end": { "line": 6, "column": 39 } },
      "6": { "start": { "line": 7, "column": 0 }, "end": { "line": 7, "column": 49 } },
      "7": { "start": { "line": 8, "column": 0 }, "end": { "line": 8, "column": 45 } },
      "8": { "start": { "line": 9, "column": 0 }, "end": { "line": 9, "column": 43 } },
      "9": { "start": { "line": 10, "column": 0 }, "end": { "line": 10, "column": 0 } },
      "10": { "start": { "line": 11, "column": 0 }, "end": { "line": 11, "column": 23 } },
      "11": { "start": { "line": 12, "column": 0 }, "end": { "line": 12, "column": 15 } },
      "12": { "start": { "line": 13, "column": 0 }, "end": { "line": 13, "column": 1 } },
      "13": { "start": { "line": 14, "column": 0 }, "end": { "line": 14, "column": 0 } },
      "14": { "start": { "line": 15, "column": 0 }, "end": { "line": 15, "column": 41 } },
      "15": { "start": { "line": 16, "column": 0 }, "end": { "line": 16, "column": 10 } },
      "16": { "start": { "line": 17, "column": 0 }, "end": { "line": 17, "column": 6 } },
      "17": { "start": { "line": 18, "column": 0 }, "end": { "line": 18, "column": 96 } },
      "18": { "start": { "line": 19, "column": 0 }, "end": { "line": 19, "column": 94 } },
      "19": { "start": { "line": 20, "column": 0 }, "end": { "line": 20, "column": 39 } },
      "20": { "start": { "line": 21, "column": 0 }, "end": { "line": 21, "column": 13 } },
      "21": { "start": { "line": 22, "column": 0 }, "end": { "line": 22, "column": 90 } },
      "22": { "start": { "line": 23, "column": 0 }, "end": { "line": 23, "column": 53 } },
      "23": { "start": { "line": 24, "column": 0 }, "end": { "line": 24, "column": 55 } },
      "24": { "start": { "line": 25, "column": 0 }, "end": { "line": 25, "column": 18 } },
      "25": { "start": { "line": 26, "column": 0 }, "end": { "line": 26, "column": 19 } },
      "26": { "start": { "line": 27, "column": 0 }, "end": { "line": 27, "column": 67 } },
      "27": { "start": { "line": 28, "column": 0 }, "end": { "line": 28, "column": 23 } },
      "28": { "start": { "line": 29, "column": 0 }, "end": { "line": 29, "column": 19 } },
      "29": { "start": { "line": 30, "column": 0 }, "end": { "line": 30, "column": 16 } },
      "30": { "start": { "line": 31, "column": 0 }, "end": { "line": 31, "column": 71 } },
      "31": { "start": { "line": 32, "column": 0 }, "end": { "line": 32, "column": 14 } },
      "32": { "start": { "line": 33, "column": 0 }, "end": { "line": 33, "column": 12 } },
      "33": { "start": { "line": 34, "column": 0 }, "end": { "line": 34, "column": 116 } },
      "34": { "start": { "line": 35, "column": 0 }, "end": { "line": 35, "column": 21 } },
      "35": { "start": { "line": 36, "column": 0 }, "end": { "line": 36, "column": 65 } },
      "36": { "start": { "line": 37, "column": 0 }, "end": { "line": 37, "column": 15 } },
      "37": { "start": { "line": 38, "column": 0 }, "end": { "line": 38, "column": 33 } },
      "38": { "start": { "line": 39, "column": 0 }, "end": { "line": 39, "column": 72 } },
      "39": { "start": { "line": 40, "column": 0 }, "end": { "line": 40, "column": 15 } },
      "40": { "start": { "line": 41, "column": 0 }, "end": { "line": 41, "column": 15 } },
      "41": { "start": { "line": 42, "column": 0 }, "end": { "line": 42, "column": 7 } },
      "42": { "start": { "line": 43, "column": 0 }, "end": { "line": 43, "column": 3 } },
      "43": { "start": { "line": 44, "column": 0 }, "end": { "line": 44, "column": 1 } },
      "44": { "start": { "line": 45, "column": 0 }, "end": { "line": 45, "column": 0 } },
      "45": { "start": { "line": 46, "column": 0 }, "end": { "line": 46, "column": 21 } }
    },
    "s": {
      "0": 1,
      "1": 1,
      "2": 1,
      "3": 1,
      "4": 1,
      "5": 1,
      "6": 1,
      "7": 1,
      "8": 1,
      "9": 1,
      "10": 1,
      "11": 1,
      "12": 1,
      "13": 1,
      "14": 3,
      "15": 3,
      "16": 3,
      "17": 3,
      "18": 3,
      "19": 3,
      "20": 3,
      "21": 3,
      "22": 3,
      "23": 3,
      "24": 3,
      "25": 3,
      "26": 3,
      "27": 3,
      "28": 3,
      "29": 3,
      "30": 3,
      "31": 3,
      "32": 3,
      "33": 3,
      "34": 3,
      "35": 3,
      "36": 3,
      "37": 3,
      "38": 3,
      "39": 3,
      "40": 3,
      "41": 3,
      "42": 3,
      "43": 3,
      "44": 1,
      "45": 1
    },
    "branchMap": {
      "0": {
        "type": "branch",
        "line": 15,
        "loc": { "start": { "line": 15, "column": 0 }, "end": { "line": 44, "column": 1 } },
        "locations": [{ "start": { "line": 15, "column": 0 }, "end": { "line": 44, "column": 1 } }]
      }
    },
    "b": { "0": [3] },
    "fnMap": {
      "0": {
        "name": "Navbar",
        "decl": { "start": { "line": 15, "column": 0 }, "end": { "line": 44, "column": 1 } },
        "loc": { "start": { "line": 15, "column": 0 }, "end": { "line": 44, "column": 1 } },
        "line": 15
      }
    },
    "f": { "0": 3 }
  },
  "C:\\Users\\runar\\Desktop\\project_2\\GoCart\\frontend\\src\\components\\Product.tsx": {
    "path": "C:\\Users\\runar\\Desktop\\project_2\\GoCart\\frontend\\src\\components\\Product.tsx",
    "all": false,
    "statementMap": {
      "0": { "start": { "line": 1, "column": 0 }, "end": { "line": 1, "column": 132 } },
      "1": { "start": { "line": 2, "column": 0 }, "end": { "line": 2, "column": 123 } },
      "2": { "start": { "line": 3, "column": 0 }, "end": { "line": 3, "column": 0 } },
      "3": { "start": { "line": 4, "column": 0 }, "end": { "line": 4, "column": 43 } },
      "4": { "start": { "line": 5, "column": 0 }, "end": { "line": 5, "column": 0 } },
      "5": { "start": { "line": 6, "column": 0 }, "end": { "line": 6, "column": 47 } },
      "6": { "start": { "line": 7, "column": 0 }, "end": { "line": 7, "column": 86 } },
      "7": { "start": { "line": 8, "column": 0 }, "end": { "line": 8, "column": 45 } },
      "8": { "start": { "line": 9, "column": 0 }, "end": { "line": 9, "column": 41 } },
      "9": { "start": { "line": 10, "column": 0 }, "end": { "line": 10, "column": 32 } },
      "10": { "start": { "line": 11, "column": 0 }, "end": { "line": 11, "column": 0 } },
      "11": { "start": { "line": 12, "column": 0 }, "end": { "line": 12, "column": 107 } },
      "12": { "start": { "line": 13, "column": 0 }, "end": { "line": 13, "column": 31 } },
      "13": { "start": { "line": 14, "column": 0 }, "end": { "line": 14, "column": 63 } },
      "14": { "start": { "line": 15, "column": 0 }, "end": { "line": 15, "column": 44 } },
      "15": { "start": { "line": 16, "column": 0 }, "end": { "line": 16, "column": 50 } },
      "16": { "start": { "line": 17, "column": 0 }, "end": { "line": 17, "column": 26 } },
      "17": { "start": { "line": 18, "column": 0 }, "end": { "line": 18, "column": 64 } },
      "18": { "start": { "line": 19, "column": 0 }, "end": { "line": 19, "column": 64 } },
      "19": { "start": { "line": 20, "column": 0 }, "end": { "line": 20, "column": 61 } },
      "20": { "start": { "line": 21, "column": 0 }, "end": { "line": 21, "column": 20 } },
      "21": { "start": { "line": 22, "column": 0 }, "end": { "line": 22, "column": 1 } },
      "22": { "start": { "line": 23, "column": 0 }, "end": { "line": 23, "column": 0 } },
      "23": { "start": { "line": 24, "column": 0 }, "end": { "line": 24, "column": 116 } },
      "24": { "start": { "line": 25, "column": 0 }, "end": { "line": 25, "column": 70 } },
      "25": { "start": { "line": 26, "column": 0 }, "end": { "line": 26, "column": 86 } },
      "26": { "start": { "line": 27, "column": 0 }, "end": { "line": 27, "column": 43 } },
      "27": { "start": { "line": 28, "column": 0 }, "end": { "line": 28, "column": 0 } },
      "28": { "start": { "line": 29, "column": 0 }, "end": { "line": 29, "column": 19 } },
      "29": { "start": { "line": 30, "column": 0 }, "end": { "line": 30, "column": 59 } },
      "30": { "start": { "line": 31, "column": 0 }, "end": { "line": 31, "column": 67 } },
      "31": { "start": { "line": 32, "column": 0 }, "end": { "line": 32, "column": 0 } },
      "32": { "start": { "line": 33, "column": 0 }, "end": { "line": 33, "column": 29 } },
      "33": { "start": { "line": 34, "column": 0 }, "end": { "line": 34, "column": 71 } },
      "34": { "start": { "line": 35, "column": 0 }, "end": { "line": 35, "column": 0 } },
      "35": { "start": { "line": 36, "column": 0 }, "end": { "line": 36, "column": 67 } },
      "36": { "start": { "line": 37, "column": 0 }, "end": { "line": 37, "column": 41 } },
      "37": { "start": { "line": 38, "column": 0 }, "end": { "line": 38, "column": 0 } },
      "38": { "start": { "line": 39, "column": 0 }, "end": { "line": 39, "column": 45 } },
      "39": { "start": { "line": 40, "column": 0 }, "end": { "line": 40, "column": 77 } },
      "40": { "start": { "line": 41, "column": 0 }, "end": { "line": 41, "column": 0 } },
      "41": { "start": { "line": 42, "column": 0 }, "end": { "line": 42, "column": 33 } },
      "42": { "start": { "line": 43, "column": 0 }, "end": { "line": 43, "column": 61 } },
      "43": { "start": { "line": 44, "column": 0 }, "end": { "line": 44, "column": 5 } },
      "44": { "start": { "line": 45, "column": 0 }, "end": { "line": 45, "column": 63 } },
      "45": { "start": { "line": 46, "column": 0 }, "end": { "line": 46, "column": 0 } },
      "46": { "start": { "line": 47, "column": 0 }, "end": { "line": 47, "column": 37 } },
      "47": { "start": { "line": 48, "column": 0 }, "end": { "line": 48, "column": 73 } },
      "48": { "start": { "line": 49, "column": 0 }, "end": { "line": 49, "column": 74 } },
      "49": { "start": { "line": 50, "column": 0 }, "end": { "line": 50, "column": 0 } },
      "50": { "start": { "line": 51, "column": 0 }, "end": { "line": 51, "column": 92 } },
      "51": { "start": { "line": 52, "column": 0 }, "end": { "line": 52, "column": 0 } },
      "52": { "start": { "line": 53, "column": 0 }, "end": { "line": 53, "column": 97 } },
      "53": { "start": { "line": 54, "column": 0 }, "end": { "line": 54, "column": 0 } },
      "54": { "start": { "line": 55, "column": 0 }, "end": { "line": 55, "column": 38 } },
      "55": { "start": { "line": 56, "column": 0 }, "end": { "line": 56, "column": 51 } },
      "56": { "start": { "line": 57, "column": 0 }, "end": { "line": 57, "column": 64 } },
      "57": { "start": { "line": 58, "column": 0 }, "end": { "line": 58, "column": 101 } },
      "58": { "start": { "line": 59, "column": 0 }, "end": { "line": 59, "column": 7 } },
      "59": { "start": { "line": 60, "column": 0 }, "end": { "line": 60, "column": 42 } },
      "60": { "start": { "line": 61, "column": 0 }, "end": { "line": 61, "column": 12 } },
      "61": { "start": { "line": 62, "column": 0 }, "end": { "line": 62, "column": 63 } },
      "62": { "start": { "line": 63, "column": 0 }, "end": { "line": 63, "column": 31 } },
      "63": { "start": { "line": 64, "column": 0 }, "end": { "line": 64, "column": 32 } },
      "64": { "start": { "line": 65, "column": 0 }, "end": { "line": 65, "column": 90 } },
      "65": { "start": { "line": 66, "column": 0 }, "end": { "line": 66, "column": 8 } },
      "66": { "start": { "line": 67, "column": 0 }, "end": { "line": 67, "column": 5 } },
      "67": { "start": { "line": 68, "column": 0 }, "end": { "line": 68, "column": 0 } },
      "68": { "start": { "line": 69, "column": 0 }, "end": { "line": 69, "column": 45 } },
      "69": { "start": { "line": 70, "column": 0 }, "end": { "line": 70, "column": 83 } },
      "70": { "start": { "line": 71, "column": 0 }, "end": { "line": 71, "column": 3 } },
      "71": { "start": { "line": 72, "column": 0 }, "end": { "line": 72, "column": 0 } },
      "72": { "start": { "line": 73, "column": 0 }, "end": { "line": 73, "column": 73 } },
      "73": { "start": { "line": 74, "column": 0 }, "end": { "line": 74, "column": 74 } },
      "74": { "start": { "line": 75, "column": 0 }, "end": { "line": 75, "column": 0 } },
      "75": { "start": { "line": 76, "column": 0 }, "end": { "line": 76, "column": 105 } },
      "76": { "start": { "line": 77, "column": 0 }, "end": { "line": 77, "column": 0 } },
      "77": { "start": { "line": 78, "column": 0 }, "end": { "line": 78, "column": 97 } },
      "78": { "start": { "line": 79, "column": 0 }, "end": { "line": 79, "column": 0 } },
      "79": { "start": { "line": 80, "column": 0 }, "end": { "line": 80, "column": 38 } },
      "80": { "start": { "line": 81, "column": 0 }, "end": { "line": 81, "column": 43 } },
      "81": { "start": { "line": 82, "column": 0 }, "end": { "line": 82, "column": 64 } },
      "82": { "start": { "line": 83, "column": 0 }, "end": { "line": 83, "column": 114 } },
      "83": { "start": { "line": 84, "column": 0 }, "end": { "line": 84, "column": 7 } },
      "84": { "start": { "line": 85, "column": 0 }, "end": { "line": 85, "column": 0 } },
      "85": { "start": { "line": 86, "column": 0 }, "end": { "line": 86, "column": 47 } },
      "86": { "start": { "line": 87, "column": 0 }, "end": { "line": 87, "column": 110 } },
      "87": { "start": { "line": 88, "column": 0 }, "end": { "line": 88, "column": 0 } },
      "88": { "start": { "line": 89, "column": 0 }, "end": { "line": 89, "column": 43 } },
      "89": { "start": { "line": 90, "column": 0 }, "end": { "line": 90, "column": 5 } },
      "90": { "start": { "line": 91, "column": 0 }, "end": { "line": 91, "column": 0 } },
      "91": { "start": { "line": 92, "column": 0 }, "end": { "line": 92, "column": 45 } },
      "92": { "start": { "line": 93, "column": 0 }, "end": { "line": 93, "column": 83 } },
      "93": { "start": { "line": 94, "column": 0 }, "end": { "line": 94, "column": 3 } },
      "94": { "start": { "line": 95, "column": 0 }, "end": { "line": 95, "column": 0 } },
      "95": { "start": { "line": 96, "column": 0 }, "end": { "line": 96, "column": 10 } },
      "96": { "start": { "line": 97, "column": 0 }, "end": { "line": 97, "column": 6 } },
      "97": { "start": { "line": 98, "column": 0 }, "end": { "line": 98, "column": 10 } },
      "98": { "start": { "line": 99, "column": 0 }, "end": { "line": 99, "column": 75 } },
      "99": { "start": { "line": 100, "column": 0 }, "end": { "line": 100, "column": 37 } },
      "100": { "start": { "line": 101, "column": 0 }, "end": { "line": 101, "column": 44 } },
      "101": { "start": { "line": 102, "column": 0 }, "end": { "line": 102, "column": 7 } },
      "102": { "start": { "line": 103, "column": 0 }, "end": { "line": 103, "column": 41 } },
      "103": { "start": { "line": 104, "column": 0 }, "end": { "line": 104, "column": 87 } },
      "104": { "start": { "line": 105, "column": 0 }, "end": { "line": 105, "column": 0 } },
      "105": { "start": { "line": 106, "column": 0 }, "end": { "line": 106, "column": 97 } },
      "106": { "start": { "line": 107, "column": 0 }, "end": { "line": 107, "column": 42 } },
      "107": { "start": { "line": 108, "column": 0 }, "end": { "line": 108, "column": 79 } },
      "108": { "start": { "line": 109, "column": 0 }, "end": { "line": 109, "column": 0 } },
      "109": { "start": { "line": 110, "column": 0 }, "end": { "line": 110, "column": 46 } },
      "110": { "start": { "line": 111, "column": 0 }, "end": { "line": 111, "column": 66 } },
      "111": { "start": { "line": 112, "column": 0 }, "end": { "line": 112, "column": 52 } },
      "112": { "start": { "line": 113, "column": 0 }, "end": { "line": 113, "column": 21 } },
      "113": { "start": { "line": 114, "column": 0 }, "end": { "line": 114, "column": 31 } },
      "114": { "start": { "line": 115, "column": 0 }, "end": { "line": 115, "column": 61 } },
      "115": { "start": { "line": 116, "column": 0 }, "end": { "line": 116, "column": 33 } },
      "116": { "start": { "line": 117, "column": 0 }, "end": { "line": 117, "column": 37 } },
      "117": { "start": { "line": 118, "column": 0 }, "end": { "line": 118, "column": 18 } },
      "118": { "start": { "line": 119, "column": 0 }, "end": { "line": 119, "column": 15 } },
      "119": { "start": { "line": 120, "column": 0 }, "end": { "line": 120, "column": 17 } },
      "120": { "start": { "line": 121, "column": 0 }, "end": { "line": 121, "column": 23 } },
      "121": { "start": { "line": 122, "column": 0 }, "end": { "line": 122, "column": 82 } },
      "122": { "start": { "line": 123, "column": 0 }, "end": { "line": 123, "column": 36 } },
      "123": { "start": { "line": 124, "column": 0 }, "end": { "line": 124, "column": 21 } },
      "124": { "start": { "line": 125, "column": 0 }, "end": { "line": 125, "column": 21 } },
      "125": { "start": { "line": 126, "column": 0 }, "end": { "line": 126, "column": 31 } },
      "126": { "start": { "line": 127, "column": 0 }, "end": { "line": 127, "column": 61 } },
      "127": { "start": { "line": 128, "column": 0 }, "end": { "line": 128, "column": 33 } },
      "128": { "start": { "line": 129, "column": 0 }, "end": { "line": 129, "column": 37 } },
      "129": { "start": { "line": 130, "column": 0 }, "end": { "line": 130, "column": 18 } },
      "130": { "start": { "line": 131, "column": 0 }, "end": { "line": 131, "column": 15 } },
      "131": { "start": { "line": 132, "column": 0 }, "end": { "line": 132, "column": 17 } },
      "132": { "start": { "line": 133, "column": 0 }, "end": { "line": 133, "column": 23 } },
      "133": { "start": { "line": 134, "column": 0 }, "end": { "line": 134, "column": 18 } },
      "134": { "start": { "line": 135, "column": 0 }, "end": { "line": 135, "column": 12 } },
      "135": { "start": { "line": 136, "column": 0 }, "end": { "line": 136, "column": 14 } },
      "136": { "start": { "line": 137, "column": 0 }, "end": { "line": 137, "column": 12 } },
      "137": { "start": { "line": 138, "column": 0 }, "end": { "line": 138, "column": 0 } },
      "138": { "start": { "line": 139, "column": 0 }, "end": { "line": 139, "column": 87 } },
      "139": { "start": { "line": 140, "column": 0 }, "end": { "line": 140, "column": 31 } },
      "140": { "start": { "line": 141, "column": 0 }, "end": { "line": 141, "column": 40 } },
      "141": { "start": { "line": 142, "column": 0 }, "end": { "line": 142, "column": 84 } },
      "142": { "start": { "line": 143, "column": 0 }, "end": { "line": 143, "column": 29 } },
      "143": { "start": { "line": 144, "column": 0 }, "end": { "line": 144, "column": 21 } },
      "144": { "start": { "line": 145, "column": 0 }, "end": { "line": 145, "column": 16 } },
      "145": { "start": { "line": 146, "column": 0 }, "end": { "line": 146, "column": 50 } },
      "146": { "start": { "line": 147, "column": 0 }, "end": { "line": 147, "column": 14 } },
      "147": { "start": { "line": 148, "column": 0 }, "end": { "line": 148, "column": 15 } },
      "148": { "start": { "line": 149, "column": 0 }, "end": { "line": 149, "column": 7 } },
      "149": { "start": { "line": 150, "column": 0 }, "end": { "line": 150, "column": 3 } },
      "150": { "start": { "line": 151, "column": 0 }, "end": { "line": 151, "column": 1 } },
      "151": { "start": { "line": 152, "column": 0 }, "end": { "line": 152, "column": 0 } },
      "152": { "start": { "line": 153, "column": 0 }, "end": { "line": 153, "column": 22 } }
    },
    "s": {
      "0": 1,
      "1": 1,
      "2": 1,
      "3": 1,
      "4": 1,
      "5": 1,
      "6": 1,
      "7": 1,
      "8": 1,
      "9": 1,
      "10": 1,
      "11": 1,
      "12": 1,
      "13": 1,
      "14": 1,
      "15": 1,
      "16": 1,
      "17": 1,
      "18": 1,
      "19": 1,
      "20": 1,
      "21": 1,
      "22": 1,
      "23": 0,
      "24": 0,
      "25": 0,
      "26": 0,
      "27": 0,
      "28": 0,
      "29": 0,
      "30": 0,
      "31": 0,
      "32": 0,
      "33": 0,
      "34": 0,
      "35": 0,
      "36": 0,
      "37": 0,
      "38": 0,
      "39": 0,
      "40": 0,
      "41": 0,
      "42": 0,
      "43": 0,
      "44": 0,
      "45": 0,
      "46": 0,
      "47": 0,
      "48": 0,
      "49": 0,
      "50": 0,
      "51": 0,
      "52": 0,
      "53": 0,
      "54": 0,
      "55": 0,
      "56": 0,
      "57": 0,
      "58": 0,
      "59": 0,
      "60": 0,
      "61": 0,
      "62": 0,
      "63": 0,
      "64": 0,
      "65": 0,
      "66": 0,
      "67": 0,
      "68": 0,
      "69": 0,
      "70": 0,
      "71": 0,
      "72": 0,
      "73": 0,
      "74": 0,
      "75": 0,
      "76": 0,
      "77": 0,
      "78": 0,
      "79": 0,
      "80": 0,
      "81": 0,
      "82": 0,
      "83": 0,
      "84": 0,
      "85": 0,
      "86": 0,
      "87": 0,
      "88": 0,
      "89": 0,
      "90": 0,
      "91": 0,
      "92": 0,
      "93": 0,
      "94": 0,
      "95": 0,
      "96": 0,
      "97": 0,
      "98": 0,
      "99": 0,
      "100": 0,
      "101": 0,
      "102": 0,
      "103": 0,
      "104": 0,
      "105": 0,
      "106": 0,
      "107": 0,
      "108": 0,
      "109": 0,
      "110": 0,
      "111": 0,
      "112": 0,
      "113": 0,
      "114": 0,
      "115": 0,
      "116": 0,
      "117": 0,
      "118": 0,
      "119": 0,
      "120": 0,
      "121": 0,
      "122": 0,
      "123": 0,
      "124": 0,
      "125": 0,
      "126": 0,
      "127": 0,
      "128": 0,
      "129": 0,
      "130": 0,
      "131": 0,
      "132": 0,
      "133": 0,
      "134": 0,
      "135": 0,
      "136": 0,
      "137": 0,
      "138": 0,
      "139": 0,
      "140": 0,
      "141": 0,
      "142": 0,
      "143": 0,
      "144": 0,
      "145": 0,
      "146": 0,
      "147": 0,
      "148": 0,
      "149": 0,
      "150": 0,
      "151": 1,
      "152": 1
    },
    "branchMap": {},
    "b": {},
    "fnMap": {
      "0": {
        "name": "Product",
        "decl": { "start": { "line": 24, "column": 0 }, "end": { "line": 151, "column": 1 } },
        "loc": { "start": { "line": 24, "column": 0 }, "end": { "line": 151, "column": 1 } },
        "line": 24
      }
    },
    "f": { "0": 0 }
  },
  "C:\\Users\\runar\\Desktop\\project_2\\GoCart\\frontend\\src\\components\\ProductDetails.tsx": {
    "path": "C:\\Users\\runar\\Desktop\\project_2\\GoCart\\frontend\\src\\components\\ProductDetails.tsx",
    "all": false,
    "statementMap": {
      "0": { "start": { "line": 1, "column": 0 }, "end": { "line": 1, "column": 72 } },
      "1": { "start": { "line": 2, "column": 0 }, "end": { "line": 2, "column": 0 } },
      "2": { "start": { "line": 3, "column": 0 }, "end": { "line": 3, "column": 70 } },
      "3": { "start": { "line": 4, "column": 0 }, "end": { "line": 4, "column": 41 } },
      "4": { "start": { "line": 5, "column": 0 }, "end": { "line": 5, "column": 41 } },
      "5": { "start": { "line": 6, "column": 0 }, "end": { "line": 6, "column": 0 } },
      "6": { "start": { "line": 7, "column": 0 }, "end": { "line": 7, "column": 31 } },
      "7": { "start": { "line": 8, "column": 0 }, "end": { "line": 8, "column": 62 } },
      "8": { "start": { "line": 9, "column": 0 }, "end": { "line": 9, "column": 1 } },
      "9": { "start": { "line": 10, "column": 0 }, "end": { "line": 10, "column": 0 } },
      "10": { "start": { "line": 11, "column": 0 }, "end": { "line": 11, "column": 44 } },
      "11": { "start": { "line": 12, "column": 0 }, "end": { "line": 12, "column": 19 } },
      "12": { "start": { "line": 13, "column": 0 }, "end": { "line": 13, "column": 14 } },
      "13": { "start": { "line": 14, "column": 0 }, "end": { "line": 14, "column": 14 } },
      "14": { "start": { "line": 15, "column": 0 }, "end": { "line": 15, "column": 24 } },
      "15": { "start": { "line": 16, "column": 0 }, "end": { "line": 16, "column": 18 } },
      "16": { "start": { "line": 17, "column": 0 }, "end": { "line": 17, "column": 16 } },
      "17": { "start": { "line": 18, "column": 0 }, "end": { "line": 18, "column": 5 } },
      "18": { "start": { "line": 19, "column": 0 }, "end": { "line": 19, "column": 10 } },
      "19": { "start": { "line": 20, "column": 0 }, "end": { "line": 20, "column": 16 } },
      "20": { "start": { "line": 21, "column": 0 }, "end": { "line": 21, "column": 3 } },
      "21": { "start": { "line": 22, "column": 0 }, "end": { "line": 22, "column": 16 } },
      "22": { "start": { "line": 23, "column": 0 }, "end": { "line": 23, "column": 16 } },
      "23": { "start": { "line": 24, "column": 0 }, "end": { "line": 24, "column": 21 } },
      "24": { "start": { "line": 25, "column": 0 }, "end": { "line": 25, "column": 13 } },
      "25": { "start": { "line": 26, "column": 0 }, "end": { "line": 26, "column": 16 } },
      "26": { "start": { "line": 27, "column": 0 }, "end": { "line": 27, "column": 5 } },
      "27": { "start": { "line": 28, "column": 0 }, "end": { "line": 28, "column": 14 } },
      "28": { "start": { "line": 29, "column": 0 }, "end": { "line": 29, "column": 24 } },
      "29": { "start": { "line": 30, "column": 0 }, "end": { "line": 30, "column": 20 } },
      "30": { "start": { "line": 31, "column": 0 }, "end": { "line": 31, "column": 5 } },
      "31": { "start": { "line": 32, "column": 0 }, "end": { "line": 32, "column": 21 } },
      "32": { "start": { "line": 33, "column": 0 }, "end": { "line": 33, "column": 15 } },
      "33": { "start": { "line": 34, "column": 0 }, "end": { "line": 34, "column": 1 } },
      "34": { "start": { "line": 35, "column": 0 }, "end": { "line": 35, "column": 0 } },
      "35": { "start": { "line": 36, "column": 0 }, "end": { "line": 36, "column": 61 } },
      "36": { "start": { "line": 37, "column": 0 }, "end": { "line": 37, "column": 64 } },
      "37": { "start": { "line": 38, "column": 0 }, "end": { "line": 38, "column": 34 } },
      "38": { "start": { "line": 39, "column": 0 }, "end": { "line": 39, "column": 4 } },
      "39": { "start": { "line": 40, "column": 0 }, "end": { "line": 40, "column": 0 } },
      "40": { "start": { "line": 41, "column": 0 }, "end": { "line": 41, "column": 16 } },
      "41": { "start": { "line": 42, "column": 0 }, "end": { "line": 42, "column": 31 } },
      "42": { "start": { "line": 43, "column": 0 }, "end": { "line": 43, "column": 3 } },
      "43": { "start": { "line": 44, "column": 0 }, "end": { "line": 44, "column": 0 } },
      "44": { "start": { "line": 45, "column": 0 }, "end": { "line": 45, "column": 14 } },
      "45": { "start": { "line": 46, "column": 0 }, "end": { "line": 46, "column": 50 } },
      "46": { "start": { "line": 47, "column": 0 }, "end": { "line": 47, "column": 3 } },
      "47": { "start": { "line": 48, "column": 0 }, "end": { "line": 48, "column": 0 } },
      "48": { "start": { "line": 49, "column": 0 }, "end": { "line": 49, "column": 67 } },
      "49": { "start": { "line": 50, "column": 0 }, "end": { "line": 50, "column": 0 } },
      "50": { "start": { "line": 51, "column": 0 }, "end": { "line": 51, "column": 17 } },
      "51": { "start": { "line": 52, "column": 0 }, "end": { "line": 52, "column": 47 } },
      "52": { "start": { "line": 53, "column": 0 }, "end": { "line": 53, "column": 3 } },
      "53": { "start": { "line": 54, "column": 0 }, "end": { "line": 54, "column": 0 } },
      "54": { "start": { "line": 55, "column": 0 }, "end": { "line": 55, "column": 10 } },
      "55": { "start": { "line": 56, "column": 0 }, "end": { "line": 56, "column": 28 } },
      "56": { "start": { "line": 57, "column": 0 }, "end": { "line": 57, "column": 50 } },
      "57": { "start": { "line": 58, "column": 0 }, "end": { "line": 58, "column": 78 } },
      "58": { "start": { "line": 59, "column": 0 }, "end": { "line": 59, "column": 39 } },
      "59": { "start": { "line": 60, "column": 0 }, "end": { "line": 60, "column": 65 } },
      "60": { "start": { "line": 61, "column": 0 }, "end": { "line": 61, "column": 14 } },
      "61": { "start": { "line": 62, "column": 0 }, "end": { "line": 62, "column": 29 } },
      "62": { "start": { "line": 63, "column": 0 }, "end": { "line": 63, "column": 14 } },
      "63": { "start": { "line": 64, "column": 0 }, "end": { "line": 64, "column": 53 } },
      "64": { "start": { "line": 65, "column": 0 }, "end": { "line": 65, "column": 34 } },
      "65": { "start": { "line": 66, "column": 0 }, "end": { "line": 66, "column": 18 } },
      "66": { "start": { "line": 67, "column": 0 }, "end": { "line": 67, "column": 69 } },
      "67": { "start": { "line": 68, "column": 0 }, "end": { "line": 68, "column": 34 } },
      "68": { "start": { "line": 69, "column": 0 }, "end": { "line": 69, "column": 70 } },
      "69": { "start": { "line": 70, "column": 0 }, "end": { "line": 70, "column": 69 } },
      "70": { "start": { "line": 71, "column": 0 }, "end": { "line": 71, "column": 23 } },
      "71": { "start": { "line": 72, "column": 0 }, "end": { "line": 72, "column": 19 } },
      "72": { "start": { "line": 73, "column": 0 }, "end": { "line": 73, "column": 19 } },
      "73": { "start": { "line": 74, "column": 0 }, "end": { "line": 74, "column": 17 } },
      "74": { "start": { "line": 75, "column": 0 }, "end": { "line": 75, "column": 19 } },
      "75": { "start": { "line": 76, "column": 0 }, "end": { "line": 76, "column": 14 } },
      "76": { "start": { "line": 77, "column": 0 }, "end": { "line": 77, "column": 15 } },
      "77": { "start": { "line": 78, "column": 0 }, "end": { "line": 78, "column": 14 } },
      "78": { "start": { "line": 79, "column": 0 }, "end": { "line": 79, "column": 0 } },
      "79": { "start": { "line": 80, "column": 0 }, "end": { "line": 80, "column": 29 } },
      "80": { "start": { "line": 81, "column": 0 }, "end": { "line": 81, "column": 41 } },
      "81": { "start": { "line": 82, "column": 0 }, "end": { "line": 82, "column": 14 } },
      "82": { "start": { "line": 83, "column": 0 }, "end": { "line": 83, "column": 37 } },
      "83": { "start": { "line": 84, "column": 0 }, "end": { "line": 84, "column": 56 } },
      "84": { "start": { "line": 85, "column": 0 }, "end": { "line": 85, "column": 15 } },
      "85": { "start": { "line": 86, "column": 0 }, "end": { "line": 86, "column": 14 } },
      "86": { "start": { "line": 87, "column": 0 }, "end": { "line": 87, "column": 41 } },
      "87": { "start": { "line": 88, "column": 0 }, "end": { "line": 88, "column": 37 } },
      "88": { "start": { "line": 89, "column": 0 }, "end": { "line": 89, "column": 15 } },
      "89": { "start": { "line": 90, "column": 0 }, "end": { "line": 90, "column": 14 } },
      "90": { "start": { "line": 91, "column": 0 }, "end": { "line": 91, "column": 35 } },
      "91": { "start": { "line": 92, "column": 0 }, "end": { "line": 92, "column": 65 } },
      "92": { "start": { "line": 93, "column": 0 }, "end": { "line": 93, "column": 15 } },
      "93": { "start": { "line": 94, "column": 0 }, "end": { "line": 94, "column": 0 } },
      "94": { "start": { "line": 95, "column": 0 }, "end": { "line": 95, "column": 28 } },
      "95": { "start": { "line": 96, "column": 0 }, "end": { "line": 96, "column": 28 } },
      "96": { "start": { "line": 97, "column": 0 }, "end": { "line": 97, "column": 40 } },
      "97": { "start": { "line": 98, "column": 0 }, "end": { "line": 98, "column": 16 } },
      "98": { "start": { "line": 99, "column": 0 }, "end": { "line": 99, "column": 35 } },
      "99": { "start": { "line": 100, "column": 0 }, "end": { "line": 100, "column": 18 } },
      "100": { "start": { "line": 101, "column": 0 }, "end": { "line": 101, "column": 69 } },
      "101": { "start": { "line": 102, "column": 0 }, "end": { "line": 102, "column": 63 } },
      "102": { "start": { "line": 103, "column": 0 }, "end": { "line": 103, "column": 21 } },
      "103": { "start": { "line": 104, "column": 0 }, "end": { "line": 104, "column": 19 } },
      "104": { "start": { "line": 105, "column": 0 }, "end": { "line": 105, "column": 19 } },
      "105": { "start": { "line": 106, "column": 0 }, "end": { "line": 106, "column": 28 } },
      "106": { "start": { "line": 107, "column": 0 }, "end": { "line": 107, "column": 16 } },
      "107": { "start": { "line": 108, "column": 0 }, "end": { "line": 108, "column": 17 } },
      "108": { "start": { "line": 109, "column": 0 }, "end": { "line": 109, "column": 16 } },
      "109": { "start": { "line": 110, "column": 0 }, "end": { "line": 110, "column": 27 } },
      "110": { "start": { "line": 111, "column": 0 }, "end": { "line": 111, "column": 28 } },
      "111": { "start": { "line": 112, "column": 0 }, "end": { "line": 112, "column": 40 } },
      "112": { "start": { "line": 113, "column": 0 }, "end": { "line": 113, "column": 16 } },
      "113": { "start": { "line": 114, "column": 0 }, "end": { "line": 114, "column": 36 } },
      "114": { "start": { "line": 115, "column": 0 }, "end": { "line": 115, "column": 99 } },
      "115": { "start": { "line": 116, "column": 0 }, "end": { "line": 116, "column": 23 } },
      "116": { "start": { "line": 117, "column": 0 }, "end": { "line": 117, "column": 21 } },
      "117": { "start": { "line": 118, "column": 0 }, "end": { "line": 118, "column": 22 } },
      "118": { "start": { "line": 119, "column": 0 }, "end": { "line": 119, "column": 70 } },
      "119": { "start": { "line": 120, "column": 0 }, "end": { "line": 120, "column": 113 } },
      "120": { "start": { "line": 121, "column": 0 }, "end": { "line": 121, "column": 40 } },
      "121": { "start": { "line": 122, "column": 0 }, "end": { "line": 122, "column": 56 } },
      "122": { "start": { "line": 123, "column": 0 }, "end": { "line": 123, "column": 110 } },
      "123": { "start": { "line": 124, "column": 0 }, "end": { "line": 124, "column": 29 } },
      "124": { "start": { "line": 125, "column": 0 }, "end": { "line": 125, "column": 31 } },
      "125": { "start": { "line": 126, "column": 0 }, "end": { "line": 126, "column": 22 } },
      "126": { "start": { "line": 127, "column": 0 }, "end": { "line": 127, "column": 23 } },
      "127": { "start": { "line": 128, "column": 0 }, "end": { "line": 128, "column": 17 } },
      "128": { "start": { "line": 129, "column": 0 }, "end": { "line": 129, "column": 19 } },
      "129": { "start": { "line": 130, "column": 0 }, "end": { "line": 130, "column": 28 } },
      "130": { "start": { "line": 131, "column": 0 }, "end": { "line": 131, "column": 16 } },
      "131": { "start": { "line": 132, "column": 0 }, "end": { "line": 132, "column": 17 } },
      "132": { "start": { "line": 133, "column": 0 }, "end": { "line": 133, "column": 16 } },
      "133": { "start": { "line": 134, "column": 0 }, "end": { "line": 134, "column": 29 } },
      "134": { "start": { "line": 135, "column": 0 }, "end": { "line": 135, "column": 14 } },
      "135": { "start": { "line": 136, "column": 0 }, "end": { "line": 136, "column": 43 } },
      "136": { "start": { "line": 137, "column": 0 }, "end": { "line": 137, "column": 48 } },
      "137": { "start": { "line": 138, "column": 0 }, "end": { "line": 138, "column": 47 } },
      "138": { "start": { "line": 139, "column": 0 }, "end": { "line": 139, "column": 14 } },
      "139": { "start": { "line": 140, "column": 0 }, "end": { "line": 140, "column": 12 } },
      "140": { "start": { "line": 141, "column": 0 }, "end": { "line": 141, "column": 10 } },
      "141": { "start": { "line": 142, "column": 0 }, "end": { "line": 142, "column": 3 } },
      "142": { "start": { "line": 143, "column": 0 }, "end": { "line": 143, "column": 1 } },
      "143": { "start": { "line": 144, "column": 0 }, "end": { "line": 144, "column": 0 } },
      "144": { "start": { "line": 145, "column": 0 }, "end": { "line": 145, "column": 29 } }
    },
    "s": {
      "0": 1,
      "1": 1,
      "2": 1,
      "3": 1,
      "4": 1,
      "5": 1,
      "6": 1,
      "7": 1,
      "8": 1,
      "9": 1,
      "10": 1,
      "11": 1,
      "12": 1,
      "13": 1,
      "14": 1,
      "15": 1,
      "16": 1,
      "17": 1,
      "18": 1,
      "19": 1,
      "20": 1,
      "21": 1,
      "22": 1,
      "23": 1,
      "24": 1,
      "25": 1,
      "26": 1,
      "27": 1,
      "28": 1,
      "29": 1,
      "30": 1,
      "31": 1,
      "32": 1,
      "33": 1,
      "34": 1,
      "35": 5,
      "36": 5,
      "37": 5,
      "38": 5,
      "39": 5,
      "40": 5,
      "41": 3,
      "42": 3,
      "43": 2,
      "44": 5,
      "45": 1,
      "46": 1,
      "47": 1,
      "48": 5,
      "49": 5,
      "50": 5,
      "51": 0,
      "52": 0,
      "53": 1,
      "54": 1,
      "55": 1,
      "56": 1,
      "57": 1,
      "58": 1,
      "59": 1,
      "60": 1,
      "61": 1,
      "62": 1,
      "63": 1,
      "64": 1,
      "65": 1,
      "66": 1,
      "67": 1,
      "68": 1,
      "69": 1,
      "70": 1,
      "71": 1,
      "72": 1,
      "73": 0,
      "74": 0,
      "75": 5,
      "76": 5,
      "77": 5,
      "78": 5,
      "79": 5,
      "80": 5,
      "81": 5,
      "82": 5,
      "83": 5,
      "84": 5,
      "85": 5,
      "86": 5,
      "87": 5,
      "88": 5,
      "89": 5,
      "90": 5,
      "91": 5,
      "92": 5,
      "93": 5,
      "94": 5,
      "95": 5,
      "96": 5,
      "97": 5,
      "98": 5,
      "99": 1,
      "100": 1,
      "101": 1,
      "102": 1,
      "103": 1,
      "104": 0,
      "105": 0,
      "106": 5,
      "107": 5,
      "108": 5,
      "109": 5,
      "110": 5,
      "111": 5,
      "112": 5,
      "113": 5,
      "114": 1,
      "115": 0,
      "116": 1,
      "117": 1,
      "118": 1,
      "119": 1,
      "120": 1,
      "121": 1,
      "122": 1,
      "123": 1,
      "124": 0,
      "125": 1,
      "126": 1,
      "127": 0,
      "128": 0,
      "129": 0,
      "130": 5,
      "131": 5,
      "132": 5,
      "133": 5,
      "134": 5,
      "135": 5,
      "136": 5,
      "137": 5,
      "138": 5,
      "139": 5,
      "140": 5,
      "141": 5,
      "142": 5,
      "143": 1,
      "144": 1
    },
    "branchMap": {
      "0": {
        "type": "branch",
        "line": 36,
        "loc": { "start": { "line": 36, "column": 0 }, "end": { "line": 143, "column": 1 } },
        "locations": [{ "start": { "line": 36, "column": 0 }, "end": { "line": 143, "column": 1 } }]
      },
      "1": {
        "type": "branch",
        "line": 41,
        "loc": { "start": { "line": 41, "column": 15 }, "end": { "line": 43, "column": 3 } },
        "locations": [{ "start": { "line": 41, "column": 15 }, "end": { "line": 43, "column": 3 } }]
      },
      "2": {
        "type": "branch",
        "line": 43,
        "loc": { "start": { "line": 43, "column": 2 }, "end": { "line": 45, "column": 13 } },
        "locations": [{ "start": { "line": 43, "column": 2 }, "end": { "line": 45, "column": 13 } }]
      },
      "3": {
        "type": "branch",
        "line": 45,
        "loc": { "start": { "line": 45, "column": 13 }, "end": { "line": 49, "column": 58 } },
        "locations": [{ "start": { "line": 45, "column": 13 }, "end": { "line": 49, "column": 58 } }]
      },
      "4": {
        "type": "branch",
        "line": 49,
        "loc": { "start": { "line": 49, "column": 44 }, "end": { "line": 49, "column": 67 } },
        "locations": [{ "start": { "line": 49, "column": 44 }, "end": { "line": 49, "column": 67 } }]
      },
      "5": {
        "type": "branch",
        "line": 51,
        "loc": { "start": { "line": 51, "column": 16 }, "end": { "line": 53, "column": 3 } },
        "locations": [{ "start": { "line": 51, "column": 16 }, "end": { "line": 53, "column": 3 } }]
      },
      "6": {
        "type": "branch",
        "line": 53,
        "loc": { "start": { "line": 53, "column": 2 }, "end": { "line": 73, "column": 19 } },
        "locations": [{ "start": { "line": 53, "column": 2 }, "end": { "line": 73, "column": 19 } }]
      },
      "7": {
        "type": "branch",
        "line": 73,
        "loc": { "start": { "line": 73, "column": 14 }, "end": { "line": 75, "column": 19 } },
        "locations": [{ "start": { "line": 73, "column": 14 }, "end": { "line": 75, "column": 19 } }]
      },
      "8": {
        "type": "branch",
        "line": 84,
        "loc": { "start": { "line": 84, "column": 21 }, "end": { "line": 84, "column": 50 } },
        "locations": [{ "start": { "line": 84, "column": 21 }, "end": { "line": 84, "column": 50 } }]
      },
      "9": {
        "type": "branch",
        "line": 84,
        "loc": { "start": { "line": 84, "column": 43 }, "end": { "line": 84, "column": 56 } },
        "locations": [{ "start": { "line": 84, "column": 43 }, "end": { "line": 84, "column": 56 } }]
      },
      "10": {
        "type": "branch",
        "line": 88,
        "loc": { "start": { "line": 88, "column": 21 }, "end": { "line": 88, "column": 37 } },
        "locations": [{ "start": { "line": 88, "column": 21 }, "end": { "line": 88, "column": 37 } }]
      },
      "11": {
        "type": "branch",
        "line": 92,
        "loc": { "start": { "line": 92, "column": 21 }, "end": { "line": 92, "column": 37 } },
        "locations": [{ "start": { "line": 92, "column": 21 }, "end": { "line": 92, "column": 37 } }]
      },
      "12": {
        "type": "branch",
        "line": 92,
        "loc": { "start": { "line": 92, "column": 47 }, "end": { "line": 92, "column": 65 } },
        "locations": [{ "start": { "line": 92, "column": 47 }, "end": { "line": 92, "column": 65 } }]
      },
      "13": {
        "type": "branch",
        "line": 99,
        "loc": { "start": { "line": 99, "column": 23 }, "end": { "line": 104, "column": 19 } },
        "locations": [{ "start": { "line": 99, "column": 23 }, "end": { "line": 104, "column": 19 } }]
      },
      "14": {
        "type": "branch",
        "line": 104,
        "loc": { "start": { "line": 104, "column": 16 }, "end": { "line": 106, "column": 28 } },
        "locations": [{ "start": { "line": 104, "column": 16 }, "end": { "line": 106, "column": 28 } }]
      },
      "15": {
        "type": "branch",
        "line": 114,
        "loc": { "start": { "line": 114, "column": 23 }, "end": { "line": 127, "column": 23 } },
        "locations": [{ "start": { "line": 114, "column": 23 }, "end": { "line": 127, "column": 23 } }]
      },
      "16": {
        "type": "branch",
        "line": 115,
        "loc": { "start": { "line": 115, "column": 94 }, "end": { "line": 116, "column": 23 } },
        "locations": [{ "start": { "line": 115, "column": 94 }, "end": { "line": 116, "column": 23 } }]
      },
      "17": {
        "type": "branch",
        "line": 127,
        "loc": { "start": { "line": 127, "column": 18 }, "end": { "line": 130, "column": 28 } },
        "locations": [{ "start": { "line": 127, "column": 18 }, "end": { "line": 130, "column": 28 } }]
      },
      "18": {
        "type": "branch",
        "line": 138,
        "loc": { "start": { "line": 138, "column": 22 }, "end": { "line": 138, "column": 43 } },
        "locations": [{ "start": { "line": 138, "column": 22 }, "end": { "line": 138, "column": 43 } }]
      },
      "19": {
        "type": "branch",
        "line": 67,
        "loc": { "start": { "line": 67, "column": 39 }, "end": { "line": 71, "column": 23 } },
        "locations": [{ "start": { "line": 67, "column": 39 }, "end": { "line": 71, "column": 23 } }]
      },
      "20": {
        "type": "branch",
        "line": 101,
        "loc": { "start": { "line": 101, "column": 40 }, "end": { "line": 102, "column": 63 } },
        "locations": [{ "start": { "line": 101, "column": 40 }, "end": { "line": 102, "column": 63 } }]
      },
      "21": {
        "type": "branch",
        "line": 115,
        "loc": { "start": { "line": 115, "column": 40 }, "end": { "line": 115, "column": 94 } },
        "locations": [{ "start": { "line": 115, "column": 40 }, "end": { "line": 115, "column": 94 } }]
      },
      "22": {
        "type": "branch",
        "line": 119,
        "loc": { "start": { "line": 119, "column": 43 }, "end": { "line": 125, "column": 31 } },
        "locations": [{ "start": { "line": 119, "column": 43 }, "end": { "line": 125, "column": 31 } }]
      },
      "23": {
        "type": "branch",
        "line": 120,
        "loc": { "start": { "line": 120, "column": 51 }, "end": { "line": 120, "column": 113 } },
        "locations": [{ "start": { "line": 120, "column": 51 }, "end": { "line": 120, "column": 113 } }]
      },
      "24": {
        "type": "branch",
        "line": 123,
        "loc": { "start": { "line": 123, "column": 56 }, "end": { "line": 123, "column": 105 } },
        "locations": [{ "start": { "line": 123, "column": 56 }, "end": { "line": 123, "column": 105 } }]
      },
      "25": {
        "type": "branch",
        "line": 124,
        "loc": { "start": { "line": 124, "column": 24 }, "end": { "line": 125, "column": 31 } },
        "locations": [{ "start": { "line": 124, "column": 24 }, "end": { "line": 125, "column": 31 } }]
      }
    },
    "b": {
      "0": [5],
      "1": [3],
      "2": [2],
      "3": [1],
      "4": [0],
      "5": [0],
      "6": [1],
      "7": [0],
      "8": [1],
      "9": [0],
      "10": [0],
      "11": [0],
      "12": [0],
      "13": [1],
      "14": [0],
      "15": [1],
      "16": [0],
      "17": [0],
      "18": [0],
      "19": [1],
      "20": [1],
      "21": [1],
      "22": [1],
      "23": [0],
      "24": [0],
      "25": [0]
    },
    "fnMap": {
      "0": {
        "name": "ProductDetails",
        "decl": { "start": { "line": 36, "column": 0 }, "end": { "line": 143, "column": 1 } },
        "loc": { "start": { "line": 36, "column": 0 }, "end": { "line": 143, "column": 1 } },
        "line": 36
      }
    },
    "f": { "0": 5 }
  },
  "C:\\Users\\runar\\Desktop\\project_2\\GoCart\\frontend\\src\\components\\ProductImage.tsx": {
    "path": "C:\\Users\\runar\\Desktop\\project_2\\GoCart\\frontend\\src\\components\\ProductImage.tsx",
    "all": false,
    "statementMap": {
[...]
      "15": { "start": { "line": 16, "column": 0 }, "end": { "line": 16, "column": 63 } },
      "16": { "start": { "line": 17, "column": 0 }, "end": { "line": 17, "column": 0 } },
      "17": { "start": { "line": 18, "column": 0 }, "end": { "line": 18, "column": 10 } },
      "18": { "start": { "line": 19, "column": 0 }, "end": { "line": 19, "column": 37 } },
      "19": { "start": { "line": 20, "column": 0 }, "end": { "line": 20, "column": 80 } },
      "20": { "start": { "line": 21, "column": 0 }, "end": { "line": 21, "column": 65 } },
      "21": { "start": { "line": 22, "column": 0 }, "end": { "line": 22, "column": 32 } },
      "22": { "start": { "line": 23, "column": 0 }, "end": { "line": 23, "column": 67 } },
      "23": { "start": { "line": 24, "column": 0 }, "end": { "line": 24, "column": 41 } },
      "24": { "start": { "line": 25, "column": 0 }, "end": { "line": 25, "column": 56 } },
      "25": { "start": { "line": 26, "column": 0 }, "end": { "line": 26, "column": 85 } },
      "26": { "start": { "line": 27, "column": 0 }, "end": { "line": 27, "column": 18 } },
      "27": { "start": { "line": 28, "column": 0 }, "end": { "line": 28, "column": 16 } },
      "28": { "start": { "line": 29, "column": 0 }, "end": { "line": 29, "column": 13 } },
      "29": { "start": { "line": 30, "column": 0 }, "end": { "line": 30, "column": 73 } },
      "30": { "start": { "line": 31, "column": 0 }, "end": { "line": 31, "column": 10 } },
      "31": { "start": { "line": 32, "column": 0 }, "end": { "line": 32, "column": 12 } },
      "32": { "start": { "line": 33, "column": 0 }, "end": { "line": 33, "column": 43 } },
      "33": { "start": { "line": 34, "column": 0 }, "end": { "line": 34, "column": 33 } },
      "34": { "start": { "line": 35, "column": 0 }, "end": { "line": 35, "column": 68 } },
      "35": { "start": { "line": 36, "column": 0 }, "end": { "line": 36, "column": 30 } },
      "36": { "start": { "line": 37, "column": 0 }, "end": { "line": 37, "column": 19 } },
      "37": { "start": { "line": 38, "column": 0 }, "end": { "line": 38, "column": 15 } },
      "38": { "start": { "line": 39, "column": 0 }, "end": { "line": 39, "column": 12 } },
      "39": { "start": { "line": 40, "column": 0 }, "end": { "line": 40, "column": 10 } },
      "40": { "start": { "line": 41, "column": 0 }, "end": { "line": 41, "column": 3 } },
      "41": { "start": { "line": 42, "column": 0 }, "end": { "line": 42, "column": 1 } },
      "42": { "start": { "line": 43, "column": 0 }, "end": { "line": 43, "column": 0 } },
      "43": { "start": { "line": 44, "column": 0 }, "end": { "line": 44, "column": 27 } }
    },
    "s": {
      "0": 1,
      "1": 1,
      "2": 1,
      "3": 1,
      "4": 1,
      "5": 1,
      "6": 1,
      "7": 1,
      "8": 1,
      "9": 1,
      "10": 1,
      "11": 1,
      "12": 1,
      "13": 1,
      "14": 1,
      "15": 1,
      "16": 1,
      "17": 1,
      "18": 1,
      "19": 1,
      "20": 1,
      "21": 1,
      "22": 1,
      "23": 1,
      "24": 1,
      "25": 1,
      "26": 1,
      "27": 1,
      "28": 0,
      "29": 0,
      "30": 1,
      "31": 1,
      "32": 1,
      "33": 1,
      "34": 1,
      "35": 1,
      "36": 1,
      "37": 1,
      "38": 1,
      "39": 1,
      "40": 1,
      "41": 1,
      "42": 1,
      "43": 1
    },
    "branchMap": {
      "0": {
        "type": "branch",
        "line": 14,
        "loc": { "start": { "line": 14, "column": 0 }, "end": { "line": 42, "column": 1 } },
        "locations": [{ "start": { "line": 14, "column": 0 }, "end": { "line": 42, "column": 1 } }]
      },
      "1": {
        "type": "branch",
        "line": 28,
        "loc": { "start": { "line": 28, "column": 10 }, "end": { "line": 30, "column": 73 } },
        "locations": [{ "start": { "line": 28, "column": 10 }, "end": { "line": 30, "column": 73 } }]
      }
    },
    "b": { "0": [1], "1": [0] },
    "fnMap": {
      "0": {
        "name": "ShoppingList",
        "decl": { "start": { "line": 14, "column": 0 }, "end": { "line": 42, "column": 1 } },
        "loc": { "start": { "line": 14, "column": 0 }, "end": { "line": 42, "column": 1 } },
        "line": 14
      }
    },
    "f": { "0": 1 }
  },
  "C:\\Users\\runar\\Desktop\\project_2\\GoCart\\frontend\\src\\components\\SortButtons.tsx": {
    "path": "C:\\Users\\runar\\Desktop\\project_2\\GoCart\\frontend\\src\\components\\SortButtons.tsx",
    "all": false,
    "statementMap": {
      "0": { "start": { "line": 1, "column": 0 }, "end": { "line": 1, "column": 43 } },
      "1": { "start": { "line": 2, "column": 0 }, "end": { "line": 2, "column": 53 } },
      "2": { "start": { "line": 3, "column": 0 }, "end": { "line": 3, "column": 0 } },
      "3": { "start": { "line": 4, "column": 0 }, "end": { "line": 4, "column": 28 } },
      "4": { "start": { "line": 5, "column": 0 }, "end": { "line": 5, "column": 23 } },
      "5": { "start": { "line": 6, "column": 0 }, "end": { "line": 6, "column": 24 } },
      "6": { "start": { "line": 7, "column": 0 }, "end": { "line": 7, "column": 1 } },
      "7": { "start": { "line": 8, "column": 0 }, "end": { "line": 8, "column": 0 } },
      "8": { "start": { "line": 9, "column": 0 }, "end": { "line": 9, "column": 47 } },
      "9": { "start": { "line": 10, "column": 0 }, "end": { "line": 10, "column": 61 } },
      "10": { "start": { "line": 11, "column": 0 }, "end": { "line": 11, "column": 56 } },
      "11": { "start": { "line": 12, "column": 0 }, "end": { "line": 12, "column": 0 } },
      "12": { "start": { "line": 13, "column": 0 }, "end": { "line": 13, "column": 19 } },
      "13": { "start": { "line": 14, "column": 0 }, "end": { "line": 14, "column": 95 } },
      "14": { "start": { "line": 15, "column": 0 }, "end": { "line": 15, "column": 21 } },
      "15": { "start": { "line": 16, "column": 0 }, "end": { "line": 16, "column": 8 } },
      "16": { "start": { "line": 17, "column": 0 }, "end": { "line": 17, "column": 0 } },
      "17": { "start": { "line": 18, "column": 0 }, "end": { "line": 18, "column": 34 } },
      "18": { "start": { "line": 19, "column": 0 }, "end": { "line": 19, "column": 29 } },
      "19": { "start": { "line": 20, "column": 0 }, "end": { "line": 20, "column": 24 } },
      "20": { "start": { "line": 21, "column": 0 }, "end": { "line": 21, "column": 27 } },
      "21": { "start": { "line": 22, "column": 0 }, "end": { "line": 22, "column": 75 } },
      "22": { "start": { "line": 23, "column": 0 }, "end": { "line": 23, "column": 5 } },
      "23": { "start": { "line": 24, "column": 0 }, "end": { "line": 24, "column": 3 } },
      "24": { "start": { "line": 25, "column": 0 }, "end": { "line": 25, "column": 0 } },
      "25": { "start": { "line": 26, "column": 0 }, "end": { "line": 26, "column": 35 } },
      "26": { "start": { "line": 27, "column": 0 }, "end": { "line": 27, "column": 30 } },
      "27": { "start": { "line": 28, "column": 0 }, "end": { "line": 28, "column": 23 } },
      "28": { "start": { "line": 29, "column": 0 }, "end": { "line": 29, "column": 28 } },
      "29": { "start": { "line": 30, "column": 0 }, "end": { "line": 30, "column": 77 } },
      "30": { "start": { "line": 31, "column": 0 }, "end": { "line": 31, "column": 5 } },
      "31": { "start": { "line": 32, "column": 0 }, "end": { "line": 32, "column": 3 } },
      "32": { "start": { "line": 33, "column": 0 }, "end": { "line": 33, "column": 0 } },
      "33": { "start": { "line": 34, "column": 0 }, "end": { "line": 34, "column": 10 } },
      "34": { "start": { "line": 35, "column": 0 }, "end": { "line": 35, "column": 9 } },
      "35": { "start": { "line": 36, "column": 0 }, "end": { "line": 36, "column": 26 } },
      "36": { "start": { "line": 37, "column": 0 }, "end": { "line": 37, "column": 36 } },
      "37": { "start": { "line": 38, "column": 0 }, "end": { "line": 38, "column": 15 } },
      "38": { "start": { "line": 39, "column": 0 }, "end": { "line": 39, "column": 40 } },
      "39": { "start": { "line": 40, "column": 0 }, "end": { "line": 40, "column": 57 } },
      "40": { "start": { "line": 41, "column": 0 }, "end": { "line": 41, "column": 34 } },
      "41": { "start": { "line": 42, "column": 0 }, "end": { "line": 42, "column": 39 } },
      "42": { "start": { "line": 43, "column": 0 }, "end": { "line": 43, "column": 9 } },
      "43": { "start": { "line": 44, "column": 0 }, "end": { "line": 44, "column": 35 } },
      "44": { "start": { "line": 45, "column": 0 }, "end": { "line": 45, "column": 17 } },
      "45": { "start": { "line": 46, "column": 0 }, "end": { "line": 46, "column": 15 } },
      "46": { "start": { "line": 47, "column": 0 }, "end": { "line": 47, "column": 40 } },
      "47": { "start": { "line": 48, "column": 0 }, "end": { "line": 48, "column": 58 } },
      "48": { "start": { "line": 49, "column": 0 }, "end": { "line": 49, "column": 35 } },
      "49": { "start": { "line": 50, "column": 0 }, "end": { "line": 50, "column": 39 } },
      "50": { "start": { "line": 51, "column": 0 }, "end": { "line": 51, "column": 9 } },
      "51": { "start": { "line": 52, "column": 0 }, "end": { "line": 52, "column": 33 } },
      "52": { "start": { "line": 53, "column": 0 }, "end": { "line": 53, "column": 17 } },
      "53": { "start": { "line": 54, "column": 0 }, "end": { "line": 54, "column": 12 } },
      "54": { "start": { "line": 55, "column": 0 }, "end": { "line": 55, "column": 10 } },
      "55": { "start": { "line": 56, "column": 0 }, "end": { "line": 56, "column": 3 } },
      "56": { "start": { "line": 57, "column": 0 }, "end": { "line": 57, "column": 1 } },
      "57": { "start": { "line": 58, "column": 0 }, "end": { "line": 58, "column": 0 } },
      "58": { "start": { "line": 59, "column": 0 }, "end": { "line": 59, "column": 26 } }
    },
    "s": {
      "0": 1,
      "1": 1,
      "2": 1,
      "3": 1,
      "4": 1,
      "5": 1,
      "6": 1,
      "7": 1,
      "8": 6,
      "9": 6,
      "10": 6,
      "11": 6,
      "12": 6,
      "13": 2,
      "14": 2,
      "15": 6,
      "16": 6,
      "17": 6,
      "18": 6,
      "19": 4,
      "20": 2,
      "21": 2,
      "22": 2,
      "23": 4,
      "24": 6,
      "25": 6,
      "26": 6,
      "27": 3,
      "28": 2,
      "29": 2,
      "30": 2,
      "31": 3,
      "32": 6,
      "33": 6,
      "34": 6,
      "35": 6,
      "36": 6,
      "37": 6,
      "38": 6,
      "39": 6,
      "40": 6,
      "41": 6,
      "42": 6,
      "43": 6,
      "44": 6,
      "45": 6,
      "46": 6,
      "47": 6,
      "48": 6,
      "49": 6,
      "50": 6,
      "51": 6,
      "52": 6,
      "53": 6,
      "54": 6,
      "55": 6,
      "56": 6,
      "57": 1,
      "58": 1
    },
    "branchMap": {
      "0": {
        "type": "branch",
        "line": 9,
        "loc": { "start": { "line": 9, "column": 0 }, "end": { "line": 57, "column": 1 } },
        "locations": [{ "start": { "line": 9, "column": 0 }, "end": { "line": 57, "column": 1 } }]
      },
      "1": {
        "type": "branch",
        "line": 40,
        "loc": { "start": { "line": 40, "column": 21 }, "end": { "line": 40, "column": 51 } },
        "locations": [{ "start": { "line": 40, "column": 21 }, "end": { "line": 40, "column": 51 } }]
      },
      "2": {
        "type": "branch",
        "line": 40,
        "loc": { "start": { "line": 40, "column": 36 }, "end": { "line": 40, "column": 57 } },
        "locations": [{ "start": { "line": 40, "column": 36 }, "end": { "line": 40, "column": 57 } }]
      },
      "3": {
        "type": "branch",
        "line": 48,
        "loc": { "start": { "line": 48, "column": 22 }, "end": { "line": 48, "column": 52 } },
        "locations": [{ "start": { "line": 48, "column": 22 }, "end": { "line": 48, "column": 52 } }]
      },
      "4": {
        "type": "branch",
        "line": 48,
        "loc": { "start": { "line": 48, "column": 37 }, "end": { "line": 48, "column": 58 } },
        "locations": [{ "start": { "line": 48, "column": 37 }, "end": { "line": 48, "column": 58 } }]
      },
      "5": {
        "type": "branch",
        "line": 13,
        "loc": { "start": { "line": 13, "column": 12 }, "end": { "line": 16, "column": 5 } },
        "locations": [{ "start": { "line": 13, "column": 12 }, "end": { "line": 16, "column": 5 } }]
      },
      "6": {
        "type": "branch",
        "line": 19,
        "loc": { "start": { "line": 19, "column": 2 }, "end": { "line": 24, "column": 3 } },
        "locations": [{ "start": { "line": 19, "column": 2 }, "end": { "line": 24, "column": 3 } }]
      },
      "7": {
        "type": "branch",
        "line": 20,
        "loc": { "start": { "line": 20, "column": 23 }, "end": { "line": 23, "column": 5 } },
        "locations": [{ "start": { "line": 20, "column": 23 }, "end": { "line": 23, "column": 5 } }]
      },
      "8": {
        "type": "branch",
        "line": 27,
        "loc": { "start": { "line": 27, "column": 2 }, "end": { "line": 32, "column": 3 } },
        "locations": [{ "start": { "line": 27, "column": 2 }, "end": { "line": 32, "column": 3 } }]
      },
      "9": {
        "type": "branch",
        "line": 28,
        "loc": { "start": { "line": 28, "column": 22 }, "end": { "line": 31, "column": 5 } },
        "locations": [{ "start": { "line": 28, "column": 22 }, "end": { "line": 31, "column": 5 } }]
      }
    },
    "b": { "0": [6], "1": [4], "2": [2], "3": [2], "4": [4], "5": [2], "6": [4], "7": [2], "8": [3], "9": [2] },
    "fnMap": {
      "0": {
        "name": "SortButtons",
        "decl": { "start": { "line": 9, "column": 0 }, "end": { "line": 57, "column": 1 } },
        "loc": { "start": { "line": 9, "column": 0 }, "end": { "line": 57, "column": 1 } },
        "line": 9
      },
      "1": {
        "name": "handleAscClick",
        "decl": { "start": { "line": 19, "column": 2 }, "end": { "line": 24, "column": 3 } },
        "loc": { "start": { "line": 19, "column": 2 }, "end": { "line": 24, "column": 3 } },
        "line": 19
      },
      "2": {
        "name": "handleDescClick",
        "decl": { "start": { "line": 27, "column": 2 }, "end": { "line": 32, "column": 3 } },
        "loc": { "start": { "line": 27, "column": 2 }, "end": { "line": 32, "column": 3 } },
        "line": 27
      }
    },
    "f": { "0": 6, "1": 4, "2": 3 }
  },
  "C:\\Users\\runar\\Desktop\\project_2\\GoCart\\frontend\\src\\utils\\queryFunctions\\getProduct.ts": {
    "path": "C:\\Users\\runar\\Desktop\\project_2\\GoCart\\frontend\\src\\utils\\queryFunctions\\getProduct.ts",
    "all": false,
    "statementMap": {
      "0": { "start": { "line": 1, "column": 0 }, "end": { "line": 1, "column": 67 } },
      "1": { "start": { "line": 2, "column": 0 }, "end": { "line": 2, "column": 0 } },
      "2": { "start": { "line": 3, "column": 0 }, "end": { "line": 3, "column": 36 } },
      "3": { "start": { "line": 4, "column": 0 }, "end": { "line": 4, "column": 0 } },
      "4": { "start": { "line": 5, "column": 0 }, "end": { "line": 5, "column": 35 } },
      "5": { "start": { "line": 6, "column": 0 }, "end": { "line": 6, "column": 102 } },
      "6": { "start": { "line": 7, "column": 0 }, "end": { "line": 7, "column": 117 } },
      "7": { "start": { "line": 8, "column": 0 }, "end": { "line": 8, "column": 10 } },
      "8": { "start": { "line": 9, "column": 0 }, "end": { "line": 9, "column": 9 } },
      "9": { "start": { "line": 10, "column": 0 }, "end": { "line": 10, "column": 11 } },
      "10": { "start": { "line": 11, "column": 0 }, "end": { "line": 11, "column": 5 } },
      "11": { "start": { "line": 12, "column": 0 }, "end": { "line": 12, "column": 3 } },
      "12": { "start": { "line": 13, "column": 0 }, "end": { "line": 13, "column": 1 } },
      "13": { "start": { "line": 14, "column": 0 }, "end": { "line": 14, "column": 0 } },
      "14": { "start": { "line": 15, "column": 0 }, "end": { "line": 15, "column": 37 } },
      "15": { "start": { "line": 16, "column": 0 }, "end": { "line": 16, "column": 26 } },
      "16": { "start": { "line": 17, "column": 0 }, "end": { "line": 17, "column": 27 } },
      "17": { "start": { "line": 18, "column": 0 }, "end": { "line": 18, "column": 10 } },
      "18": { "start": { "line": 19, "column": 0 }, "end": { "line": 19, "column": 17 } },
      "19": { "start": { "line": 20, "column": 0 }, "end": { "line": 20, "column": 20 } },
      "20": { "start": { "line": 21, "column": 0 }, "end": { "line": 21, "column": 14 } },
      "21": { "start": { "line": 22, "column": 0 }, "end": { "line": 22, "column": 12 } },
      "22": { "start": { "line": 23, "column": 0 }, "end": { "line": 23, "column": 7 } },
      "23": { "start": { "line": 24, "column": 0 }, "end": { "line": 24, "column": 13 } },
      "24": { "start": { "line": 25, "column": 0 }, "end": { "line": 25, "column": 12 } },
      "25": { "start": { "line": 26, "column": 0 }, "end": { "line": 26, "column": 7 } },
      "26": { "start": { "line": 27, "column": 0 }, "end": { "line": 27, "column": 12 } },
      "27": { "start": { "line": 28, "column": 0 }, "end": { "line": 28, "column": 12 } },
      "28": { "start": { "line": 29, "column": 0 }, "end": { "line": 29, "column": 17 } },
      "29": { "start": { "line": 30, "column": 0 }, "end": { "line": 30, "column": 16 } },
      "30": { "start": { "line": 31, "column": 0 }, "end": { "line": 31, "column": 12 } },
      "31": { "start": { "line": 32, "column": 0 }, "end": { "line": 32, "column": 7 } },
      "32": { "start": { "line": 33, "column": 0 }, "end": { "line": 33, "column": 17 } },
      "33": { "start": { "line": 34, "column": 0 }, "end": { "line": 34, "column": 20 } },
      "34": { "start": { "line": 35, "column": 0 }, "end": { "line": 35, "column": 16 } },
      "35": { "start": { "line": 36, "column": 0 }, "end": { "line": 36, "column": 7 } },
      "36": { "start": { "line": 37, "column": 0 }, "end": { "line": 37, "column": 17 } },
      "37": { "start": { "line": 38, "column": 0 }, "end": { "line": 38, "column": 11 } },
      "38": { "start": { "line": 39, "column": 0 }, "end": { "line": 39, "column": 5 } },
      "39": { "start": { "line": 40, "column": 0 }, "end": { "line": 40, "column": 3 } },
      "40": { "start": { "line": 41, "column": 0 }, "end": { "line": 41, "column": 1 } }
    },
    "s": {
      "0": 1,
      "1": 1,
      "2": 1,
      "3": 1,
      "4": 1,
      "5": 1,
      "6": 1,
      "7": 1,
      "8": 1,
      "9": 1,
      "10": 1,
      "11": 1,
      "12": 1,
      "13": 1,
      "14": 1,
      "15": 1,
      "16": 1,
      "17": 1,
      "18": 1,
      "19": 1,
      "20": 1,
      "21": 1,
      "22": 1,
      "23": 1,
      "24": 1,
      "25": 1,
      "26": 1,
      "27": 1,
      "28": 1,
      "29": 1,
      "30": 1,
      "31": 1,
      "32": 1,
      "33": 1,
      "34": 1,
      "35": 1,
      "36": 1,
      "37": 1,
      "38": 1,
      "39": 1,
      "40": 1
    },
    "branchMap": {},
    "b": {},
    "fnMap": {},
    "f": {}
  },
  "C:\\Users\\runar\\Desktop\\project_2\\GoCart\\frontend\\src\\utils\\reactiveVariables\\reactiveVariables.tsx": {
    "path": "C:\\Users\\runar\\Desktop\\project_2\\GoCart\\frontend\\src\\utils\\reactiveVariables\\reactiveVariables.tsx",
    "all": false,
    "statementMap": {
      "0": { "start": { "line": 1, "column": 0 }, "end": { "line": 1, "column": 59 } },
      "1": { "start": { "line": 2, "column": 0 }, "end": { "line": 2, "column": 53 } },
      "2": { "start": { "line": 3, "column": 0 }, "end": { "line": 3, "column": 0 } },
      "3": { "start": { "line": 4, "column": 0 }, "end": { "line": 4, "column": 92 } },
      "4": { "start": { "line": 5, "column": 0 }, "end": { "line": 5, "column": 75 } },
      "5": { "start": { "line": 6, "column": 0 }, "end": { "line": 6, "column": 59 } },
      "6": { "start": { "line": 7, "column": 0 }, "end": { "line": 7, "column": 1 } }
    },
    "s": { "0": 1, "1": 1, "2": 1, "3": 1, "4": 1, "5": 1, "6": 1 },
    "branchMap": {},
    "b": {},
    "fnMap": {},
    "f": {}
  }
}
